[WARN ] 2019-07-01 16:50:44 [main] o.s.c.c.c.ConfigServicePropertySourceLocator [{ConfigServicePropertySourceLocator.java} {143}] - Could not locate PropertySource: I/O error on GET request for "http://localhost:8888/product/default": Connection refused (Connection refused); nested exception is java.net.ConnectException: Connection refused (Connection refused)
[WARN ] 2019-07-01 16:50:44 [main] o.s.boot.actuate.endpoint.EndpointId [{EndpointId.java} {135}] - Endpoint ID 'service-registry' contains invalid characters, please migrate to a valid format.
[WARN ] 2019-07-01 16:50:44 [main] o.s.boot.actuate.endpoint.EndpointId [{EndpointId.java} {135}] - Endpoint ID 'hystrix.stream' contains invalid characters, please migrate to a valid format.
[WARN ] 2019-07-01 16:50:51 [main] o.s.c.c.c.ConfigServicePropertySourceLocator [{ConfigServicePropertySourceLocator.java} {143}] - Could not locate PropertySource: I/O error on GET request for "http://localhost:8888/product/default": Connection refused (Connection refused); nested exception is java.net.ConnectException: Connection refused (Connection refused)
[WARN ] 2019-07-01 16:50:51 [Thread-7] c.netflix.discovery.DiscoveryClient [{DiscoveryClient.java} {1303}] - Saw local status change event StatusChangeEvent [timestamp=1561971201501, current=DOWN, previous=UP]
[WARN ] 2019-07-01 16:50:51 [DiscoveryClient-CacheRefreshExecutor-0] c.n.d.s.t.d.RetryableEurekaHttpClient [{RetryableEurekaHttpClient.java} {130}] - Request execution failed with message: java.net.ConnectException: Connection refused (Connection refused)
[WARN ] 2019-07-01 16:50:51 [DiscoveryClient-InstanceInfoReplicator-0] c.n.d.s.t.d.RetryableEurekaHttpClient [{RetryableEurekaHttpClient.java} {130}] - Request execution failed with message: java.net.ConnectException: Connection refused (Connection refused)
[WARN ] 2019-07-01 16:50:51 [DiscoveryClient-CacheRefreshExecutor-0] c.n.d.s.t.d.RetryableEurekaHttpClient [{RetryableEurekaHttpClient.java} {130}] - Request execution failed with message: java.net.ConnectException: Connection refused (Connection refused)
[WARN ] 2019-07-01 16:50:51 [DiscoveryClient-InstanceInfoReplicator-0] c.n.d.s.t.d.RetryableEurekaHttpClient [{RetryableEurekaHttpClient.java} {130}] - Request execution failed with message: java.net.ConnectException: Connection refused (Connection refused)
[WARN ] 2019-07-01 16:50:51 [DiscoveryClient-InstanceInfoReplicator-0] c.netflix.discovery.DiscoveryClient [{DiscoveryClient.java} {831}] - DiscoveryClient_PRODUCT/10.112.203.43:product:8704 - registration failed Cannot execute request on any known server
com.netflix.discovery.shared.transport.TransportException: Cannot execute request on any known server
	at com.netflix.discovery.shared.transport.decorator.RetryableEurekaHttpClient.execute(RetryableEurekaHttpClient.java:112)
	at com.netflix.discovery.shared.transport.decorator.EurekaHttpClientDecorator.register(EurekaHttpClientDecorator.java:56)
	at com.netflix.discovery.shared.transport.decorator.EurekaHttpClientDecorator$1.execute(EurekaHttpClientDecorator.java:59)
	at com.netflix.discovery.shared.transport.decorator.SessionedEurekaHttpClient.execute(SessionedEurekaHttpClient.java:77)
	at com.netflix.discovery.shared.transport.decorator.EurekaHttpClientDecorator.register(EurekaHttpClientDecorator.java:56)
	at com.netflix.discovery.DiscoveryClient.register(DiscoveryClient.java:829)
	at com.netflix.discovery.InstanceInfoReplicator.run(InstanceInfoReplicator.java:121)
	at com.netflix.discovery.InstanceInfoReplicator$1.run(InstanceInfoReplicator.java:101)
	at java.util.concurrent.Executors$RunnableAdapter.call(Executors.java:511)
	at java.util.concurrent.FutureTask.run(FutureTask.java:266)
	at java.util.concurrent.ScheduledThreadPoolExecutor$ScheduledFutureTask.access$201(ScheduledThreadPoolExecutor.java:180)
	at java.util.concurrent.ScheduledThreadPoolExecutor$ScheduledFutureTask.run(ScheduledThreadPoolExecutor.java:293)
	at java.util.concurrent.ThreadPoolExecutor.runWorker(ThreadPoolExecutor.java:1149)
	at java.util.concurrent.ThreadPoolExecutor$Worker.run(ThreadPoolExecutor.java:624)
	at java.lang.Thread.run(Thread.java:748)
[WARN ] 2019-07-01 16:50:51 [DiscoveryClient-InstanceInfoReplicator-0] c.n.discovery.InstanceInfoReplicator [{InstanceInfoReplicator.java} {125}] - There was a problem with the instance info replicator
com.netflix.discovery.shared.transport.TransportException: Cannot execute request on any known server
	at com.netflix.discovery.shared.transport.decorator.RetryableEurekaHttpClient.execute(RetryableEurekaHttpClient.java:112)
	at com.netflix.discovery.shared.transport.decorator.EurekaHttpClientDecorator.register(EurekaHttpClientDecorator.java:56)
	at com.netflix.discovery.shared.transport.decorator.EurekaHttpClientDecorator$1.execute(EurekaHttpClientDecorator.java:59)
	at com.netflix.discovery.shared.transport.decorator.SessionedEurekaHttpClient.execute(SessionedEurekaHttpClient.java:77)
	at com.netflix.discovery.shared.transport.decorator.EurekaHttpClientDecorator.register(EurekaHttpClientDecorator.java:56)
	at com.netflix.discovery.DiscoveryClient.register(DiscoveryClient.java:829)
	at com.netflix.discovery.InstanceInfoReplicator.run(InstanceInfoReplicator.java:121)
	at com.netflix.discovery.InstanceInfoReplicator$1.run(InstanceInfoReplicator.java:101)
	at java.util.concurrent.Executors$RunnableAdapter.call(Executors.java:511)
	at java.util.concurrent.FutureTask.run(FutureTask.java:266)
	at java.util.concurrent.ScheduledThreadPoolExecutor$ScheduledFutureTask.access$201(ScheduledThreadPoolExecutor.java:180)
	at java.util.concurrent.ScheduledThreadPoolExecutor$ScheduledFutureTask.run(ScheduledThreadPoolExecutor.java:293)
	at java.util.concurrent.ThreadPoolExecutor.runWorker(ThreadPoolExecutor.java:1149)
	at java.util.concurrent.ThreadPoolExecutor$Worker.run(ThreadPoolExecutor.java:624)
	at java.lang.Thread.run(Thread.java:748)
[WARN ] 2019-07-01 16:50:51 [DiscoveryClient-HeartbeatExecutor-0] c.n.d.s.t.d.RetryableEurekaHttpClient [{RetryableEurekaHttpClient.java} {130}] - Request execution failed with message: java.net.ConnectException: Connection refused (Connection refused)
[WARN ] 2019-07-01 16:50:51 [Thread-7] c.n.d.s.t.d.RetryableEurekaHttpClient [{RetryableEurekaHttpClient.java} {130}] - Request execution failed with message: java.net.ConnectException: Connection refused (Connection refused)
[WARN ] 2019-07-01 16:57:13 [main] o.s.c.c.c.ConfigServicePropertySourceLocator [{ConfigServicePropertySourceLocator.java} {143}] - Could not locate PropertySource: I/O error on GET request for "http://localhost:8888/product/default": Connection refused (Connection refused); nested exception is java.net.ConnectException: Connection refused (Connection refused)
[WARN ] 2019-07-01 16:57:13 [main] o.s.boot.actuate.endpoint.EndpointId [{EndpointId.java} {135}] - Endpoint ID 'service-registry' contains invalid characters, please migrate to a valid format.
[WARN ] 2019-07-01 16:57:13 [main] o.s.boot.actuate.endpoint.EndpointId [{EndpointId.java} {135}] - Endpoint ID 'hystrix.stream' contains invalid characters, please migrate to a valid format.
[WARN ] 2019-07-01 16:57:30 [main] o.s.c.c.c.ConfigServicePropertySourceLocator [{ConfigServicePropertySourceLocator.java} {143}] - Could not locate PropertySource: I/O error on GET request for "http://localhost:8888/product/default": Connection refused (Connection refused); nested exception is java.net.ConnectException: Connection refused (Connection refused)
[WARN ] 2019-07-01 16:57:30 [AMQP Connection 127.0.0.1:5672] c.r.c.impl.ForgivingExceptionHandler [{ForgivingExceptionHandler.java} {115}] - An unexpected connection driver error occured (Exception message: Socket closed)
[WARN ] 2019-07-01 16:57:30 [Thread-7] c.netflix.discovery.DiscoveryClient [{DiscoveryClient.java} {1303}] - Saw local status change event StatusChangeEvent [timestamp=1561973711827, current=DOWN, previous=UP]
[WARN ] 2019-07-01 18:22:12 [main] o.s.c.c.c.ConfigServicePropertySourceLocator [{ConfigServicePropertySourceLocator.java} {143}] - Could not locate PropertySource: I/O error on GET request for "http://localhost:8888/product/default": Connection refused (Connection refused); nested exception is java.net.ConnectException: Connection refused (Connection refused)
[WARN ] 2019-07-01 18:22:12 [main] o.s.boot.actuate.endpoint.EndpointId [{EndpointId.java} {135}] - Endpoint ID 'service-registry' contains invalid characters, please migrate to a valid format.
[WARN ] 2019-07-01 18:22:12 [main] o.s.boot.actuate.endpoint.EndpointId [{EndpointId.java} {135}] - Endpoint ID 'hystrix.stream' contains invalid characters, please migrate to a valid format.
[WARN ] 2019-07-01 18:22:18 [main] o.s.c.c.c.ConfigServicePropertySourceLocator [{ConfigServicePropertySourceLocator.java} {143}] - Could not locate PropertySource: I/O error on GET request for "http://localhost:8888/product/default": Connection refused (Connection refused); nested exception is java.net.ConnectException: Connection refused (Connection refused)
[WARN ] 2019-07-01 18:22:18 [AMQP Connection 127.0.0.1:5672] c.r.c.impl.ForgivingExceptionHandler [{ForgivingExceptionHandler.java} {115}] - An unexpected connection driver error occured (Exception message: Socket closed)
[WARN ] 2019-07-01 18:22:18 [RMI TCP Connection(1)-10.112.203.43] o.s.c.c.c.ConfigServicePropertySourceLocator [{ConfigServicePropertySourceLocator.java} {143}] - Could not locate PropertySource: I/O error on GET request for "http://localhost:8888/product/default": Connection refused (Connection refused); nested exception is java.net.ConnectException: Connection refused (Connection refused)
[WARN ] 2019-07-01 18:22:18 [Thread-34] c.netflix.discovery.DiscoveryClient [{DiscoveryClient.java} {1303}] - Saw local status change event StatusChangeEvent [timestamp=1561977314059, current=DOWN, previous=UP]
[WARN ] 2019-07-01 18:35:29 [main] o.s.c.c.c.ConfigServicePropertySourceLocator [{ConfigServicePropertySourceLocator.java} {143}] - Could not locate PropertySource: I/O error on GET request for "http://localhost:8888/product/default": Connection refused (Connection refused); nested exception is java.net.ConnectException: Connection refused (Connection refused)
[WARN ] 2019-07-01 18:35:29 [main] o.s.boot.actuate.endpoint.EndpointId [{EndpointId.java} {135}] - Endpoint ID 'service-registry' contains invalid characters, please migrate to a valid format.
[WARN ] 2019-07-01 18:35:29 [main] o.s.boot.actuate.endpoint.EndpointId [{EndpointId.java} {135}] - Endpoint ID 'hystrix.stream' contains invalid characters, please migrate to a valid format.
[WARN ] 2019-07-01 18:35:37 [main] o.s.c.c.c.ConfigServicePropertySourceLocator [{ConfigServicePropertySourceLocator.java} {143}] - Could not locate PropertySource: I/O error on GET request for "http://localhost:8888/product/default": Connection refused (Connection refused); nested exception is java.net.ConnectException: Connection refused (Connection refused)
[WARN ] 2019-07-01 18:35:37 [RMI TCP Connection(3)-172.16.172.2] o.s.c.c.c.ConfigServicePropertySourceLocator [{ConfigServicePropertySourceLocator.java} {143}] - Could not locate PropertySource: I/O error on GET request for "http://localhost:8888/product/default": Connection refused (Connection refused); nested exception is java.net.ConnectException: Connection refused (Connection refused)
[WARN ] 2019-07-01 18:35:37 [Thread-30] c.netflix.discovery.DiscoveryClient [{DiscoveryClient.java} {1303}] - Saw local status change event StatusChangeEvent [timestamp=1561977537051, current=DOWN, previous=UP]
[WARN ] 2019-07-01 18:35:37 [DiscoveryClient-InstanceInfoReplicator-0] c.n.d.s.t.d.RetryableEurekaHttpClient [{RetryableEurekaHttpClient.java} {130}] - Request execution failed with message: java.net.ConnectException: Connection refused (Connection refused)
[WARN ] 2019-07-01 18:35:37 [DiscoveryClient-InstanceInfoReplicator-0] c.n.d.s.t.d.RetryableEurekaHttpClient [{RetryableEurekaHttpClient.java} {130}] - Request execution failed with message: java.net.ConnectException: Connection refused (Connection refused)
[WARN ] 2019-07-01 18:35:37 [DiscoveryClient-InstanceInfoReplicator-0] c.netflix.discovery.DiscoveryClient [{DiscoveryClient.java} {831}] - DiscoveryClient_PRODUCT/10.112.203.43:product:8704 - registration failed Cannot execute request on any known server
com.netflix.discovery.shared.transport.TransportException: Cannot execute request on any known server
	at com.netflix.discovery.shared.transport.decorator.RetryableEurekaHttpClient.execute(RetryableEurekaHttpClient.java:112)
	at com.netflix.discovery.shared.transport.decorator.EurekaHttpClientDecorator.register(EurekaHttpClientDecorator.java:56)
	at com.netflix.discovery.shared.transport.decorator.EurekaHttpClientDecorator$1.execute(EurekaHttpClientDecorator.java:59)
	at com.netflix.discovery.shared.transport.decorator.SessionedEurekaHttpClient.execute(SessionedEurekaHttpClient.java:77)
	at com.netflix.discovery.shared.transport.decorator.EurekaHttpClientDecorator.register(EurekaHttpClientDecorator.java:56)
	at com.netflix.discovery.DiscoveryClient.register(DiscoveryClient.java:829)
	at com.netflix.discovery.InstanceInfoReplicator.run(InstanceInfoReplicator.java:121)
	at com.netflix.discovery.InstanceInfoReplicator$1.run(InstanceInfoReplicator.java:101)
	at java.util.concurrent.Executors$RunnableAdapter.call(Executors.java:511)
	at java.util.concurrent.FutureTask.run(FutureTask.java:266)
	at java.util.concurrent.ScheduledThreadPoolExecutor$ScheduledFutureTask.access$201(ScheduledThreadPoolExecutor.java:180)
	at java.util.concurrent.ScheduledThreadPoolExecutor$ScheduledFutureTask.run(ScheduledThreadPoolExecutor.java:293)
	at java.util.concurrent.ThreadPoolExecutor.runWorker(ThreadPoolExecutor.java:1149)
	at java.util.concurrent.ThreadPoolExecutor$Worker.run(ThreadPoolExecutor.java:624)
	at java.lang.Thread.run(Thread.java:748)
[WARN ] 2019-07-01 18:35:37 [DiscoveryClient-InstanceInfoReplicator-0] c.n.discovery.InstanceInfoReplicator [{InstanceInfoReplicator.java} {125}] - There was a problem with the instance info replicator
com.netflix.discovery.shared.transport.TransportException: Cannot execute request on any known server
	at com.netflix.discovery.shared.transport.decorator.RetryableEurekaHttpClient.execute(RetryableEurekaHttpClient.java:112)
	at com.netflix.discovery.shared.transport.decorator.EurekaHttpClientDecorator.register(EurekaHttpClientDecorator.java:56)
	at com.netflix.discovery.shared.transport.decorator.EurekaHttpClientDecorator$1.execute(EurekaHttpClientDecorator.java:59)
	at com.netflix.discovery.shared.transport.decorator.SessionedEurekaHttpClient.execute(SessionedEurekaHttpClient.java:77)
	at com.netflix.discovery.shared.transport.decorator.EurekaHttpClientDecorator.register(EurekaHttpClientDecorator.java:56)
	at com.netflix.discovery.DiscoveryClient.register(DiscoveryClient.java:829)
	at com.netflix.discovery.InstanceInfoReplicator.run(InstanceInfoReplicator.java:121)
	at com.netflix.discovery.InstanceInfoReplicator$1.run(InstanceInfoReplicator.java:101)
	at java.util.concurrent.Executors$RunnableAdapter.call(Executors.java:511)
	at java.util.concurrent.FutureTask.run(FutureTask.java:266)
	at java.util.concurrent.ScheduledThreadPoolExecutor$ScheduledFutureTask.access$201(ScheduledThreadPoolExecutor.java:180)
	at java.util.concurrent.ScheduledThreadPoolExecutor$ScheduledFutureTask.run(ScheduledThreadPoolExecutor.java:293)
	at java.util.concurrent.ThreadPoolExecutor.runWorker(ThreadPoolExecutor.java:1149)
	at java.util.concurrent.ThreadPoolExecutor$Worker.run(ThreadPoolExecutor.java:624)
	at java.lang.Thread.run(Thread.java:748)
[WARN ] 2019-07-01 19:36:15 [main] o.s.c.c.c.ConfigServicePropertySourceLocator [{ConfigServicePropertySourceLocator.java} {143}] - Could not locate PropertySource: I/O error on GET request for "http://localhost:8888/product/default": Connection refused (Connection refused); nested exception is java.net.ConnectException: Connection refused (Connection refused)
[WARN ] 2019-07-01 19:36:15 [main] o.s.boot.actuate.endpoint.EndpointId [{EndpointId.java} {135}] - Endpoint ID 'service-registry' contains invalid characters, please migrate to a valid format.
[WARN ] 2019-07-01 19:36:15 [main] o.s.boot.actuate.endpoint.EndpointId [{EndpointId.java} {135}] - Endpoint ID 'hystrix.stream' contains invalid characters, please migrate to a valid format.
[WARN ] 2019-07-01 19:36:22 [main] o.s.c.c.c.ConfigServicePropertySourceLocator [{ConfigServicePropertySourceLocator.java} {143}] - Could not locate PropertySource: I/O error on GET request for "http://localhost:8888/product/default": Connection refused (Connection refused); nested exception is java.net.ConnectException: Connection refused (Connection refused)
[WARN ] 2019-07-01 19:36:22 [AMQP Connection 127.0.0.1:5672] c.r.c.impl.ForgivingExceptionHandler [{ForgivingExceptionHandler.java} {115}] - An unexpected connection driver error occured (Exception message: Socket closed)
[WARN ] 2019-07-01 19:36:22 [RMI TCP Connection(2)-172.16.172.2] o.s.c.c.c.ConfigServicePropertySourceLocator [{ConfigServicePropertySourceLocator.java} {143}] - Could not locate PropertySource: I/O error on GET request for "http://localhost:8888/product/default": Connection refused (Connection refused); nested exception is java.net.ConnectException: Connection refused (Connection refused)
[WARN ] 2019-07-01 19:36:22 [Thread-35] c.netflix.discovery.DiscoveryClient [{DiscoveryClient.java} {1303}] - Saw local status change event StatusChangeEvent [timestamp=1561981603328, current=DOWN, previous=UP]
[WARN ] 2019-07-01 19:47:00 [main] o.s.c.c.c.ConfigServicePropertySourceLocator [{ConfigServicePropertySourceLocator.java} {143}] - Could not locate PropertySource: I/O error on GET request for "http://localhost:8888/product/default": Connection refused (Connection refused); nested exception is java.net.ConnectException: Connection refused (Connection refused)
[WARN ] 2019-07-01 19:47:00 [main] o.s.boot.actuate.endpoint.EndpointId [{EndpointId.java} {135}] - Endpoint ID 'service-registry' contains invalid characters, please migrate to a valid format.
[WARN ] 2019-07-01 19:47:00 [main] o.s.boot.actuate.endpoint.EndpointId [{EndpointId.java} {135}] - Endpoint ID 'hystrix.stream' contains invalid characters, please migrate to a valid format.
[WARN ] 2019-07-01 19:47:08 [main] o.s.c.c.c.ConfigServicePropertySourceLocator [{ConfigServicePropertySourceLocator.java} {143}] - Could not locate PropertySource: I/O error on GET request for "http://localhost:8888/product/default": Connection refused (Connection refused); nested exception is java.net.ConnectException: Connection refused (Connection refused)
[WARN ] 2019-07-01 19:47:08 [AMQP Connection 127.0.0.1:5672] c.r.c.impl.ForgivingExceptionHandler [{ForgivingExceptionHandler.java} {115}] - An unexpected connection driver error occured (Exception message: Socket closed)
[WARN ] 2019-07-01 19:47:08 [RMI TCP Connection(5)-10.112.203.43] o.s.c.c.c.ConfigServicePropertySourceLocator [{ConfigServicePropertySourceLocator.java} {143}] - Could not locate PropertySource: I/O error on GET request for "http://localhost:8888/product/default": Connection refused (Connection refused); nested exception is java.net.ConnectException: Connection refused (Connection refused)
[WARN ] 2019-07-01 19:47:08 [Thread-36] c.netflix.discovery.DiscoveryClient [{DiscoveryClient.java} {1303}] - Saw local status change event StatusChangeEvent [timestamp=1561982113093, current=DOWN, previous=UP]
[WARN ] 2019-07-01 19:55:25 [main] o.s.c.c.c.ConfigServicePropertySourceLocator [{ConfigServicePropertySourceLocator.java} {143}] - Could not locate PropertySource: I/O error on GET request for "http://localhost:8888/product/default": Connection refused (Connection refused); nested exception is java.net.ConnectException: Connection refused (Connection refused)
[WARN ] 2019-07-01 19:55:25 [main] o.s.boot.actuate.endpoint.EndpointId [{EndpointId.java} {135}] - Endpoint ID 'service-registry' contains invalid characters, please migrate to a valid format.
[WARN ] 2019-07-01 19:55:25 [main] o.s.boot.actuate.endpoint.EndpointId [{EndpointId.java} {135}] - Endpoint ID 'hystrix.stream' contains invalid characters, please migrate to a valid format.
[WARN ] 2019-07-01 19:55:32 [main] o.s.c.c.c.ConfigServicePropertySourceLocator [{ConfigServicePropertySourceLocator.java} {143}] - Could not locate PropertySource: I/O error on GET request for "http://localhost:8888/product/default": Connection refused (Connection refused); nested exception is java.net.ConnectException: Connection refused (Connection refused)
[WARN ] 2019-07-01 19:55:32 [RMI TCP Connection(4)-10.112.203.43] o.s.c.c.c.ConfigServicePropertySourceLocator [{ConfigServicePropertySourceLocator.java} {143}] - Could not locate PropertySource: I/O error on GET request for "http://localhost:8888/product/default": Connection refused (Connection refused); nested exception is java.net.ConnectException: Connection refused (Connection refused)
[WARN ] 2019-07-01 19:55:32 [http-nio-8704-exec-3] o.s.w.s.m.s.DefaultHandlerExceptionResolver [{AbstractHandlerExceptionResolver.java} {198}] - Resolved [org.springframework.web.HttpMediaTypeNotAcceptableException: Could not find acceptable representation]
[WARN ] 2019-07-01 19:55:32 [Thread-26] c.netflix.discovery.DiscoveryClient [{DiscoveryClient.java} {1303}] - Saw local status change event StatusChangeEvent [timestamp=1561982301975, current=DOWN, previous=UP]
[WARN ] 2019-07-01 19:58:37 [main] o.s.c.c.c.ConfigServicePropertySourceLocator [{ConfigServicePropertySourceLocator.java} {143}] - Could not locate PropertySource: I/O error on GET request for "http://localhost:8888/product/default": Connection refused (Connection refused); nested exception is java.net.ConnectException: Connection refused (Connection refused)
[WARN ] 2019-07-01 19:58:37 [main] o.s.boot.actuate.endpoint.EndpointId [{EndpointId.java} {135}] - Endpoint ID 'service-registry' contains invalid characters, please migrate to a valid format.
[WARN ] 2019-07-01 19:58:37 [main] o.s.boot.actuate.endpoint.EndpointId [{EndpointId.java} {135}] - Endpoint ID 'hystrix.stream' contains invalid characters, please migrate to a valid format.
[WARN ] 2019-07-01 19:58:43 [main] o.s.c.c.c.ConfigServicePropertySourceLocator [{ConfigServicePropertySourceLocator.java} {143}] - Could not locate PropertySource: I/O error on GET request for "http://localhost:8888/product/default": Connection refused (Connection refused); nested exception is java.net.ConnectException: Connection refused (Connection refused)
[WARN ] 2019-07-01 19:58:43 [AMQP Connection 127.0.0.1:5672] c.r.c.impl.ForgivingExceptionHandler [{ForgivingExceptionHandler.java} {115}] - An unexpected connection driver error occured (Exception message: Socket closed)
[WARN ] 2019-07-01 19:58:43 [RMI TCP Connection(3)-10.112.203.43] o.s.c.c.c.ConfigServicePropertySourceLocator [{ConfigServicePropertySourceLocator.java} {143}] - Could not locate PropertySource: I/O error on GET request for "http://localhost:8888/product/default": Connection refused (Connection refused); nested exception is java.net.ConnectException: Connection refused (Connection refused)
[WARN ] 2019-07-01 19:58:43 [Thread-35] c.netflix.discovery.DiscoveryClient [{DiscoveryClient.java} {1303}] - Saw local status change event StatusChangeEvent [timestamp=1561982506619, current=DOWN, previous=UP]
[WARN ] 2019-07-01 20:17:52 [main] o.s.c.c.c.ConfigServicePropertySourceLocator [{ConfigServicePropertySourceLocator.java} {143}] - Could not locate PropertySource: I/O error on GET request for "http://localhost:8888/product/default": Connection refused (Connection refused); nested exception is java.net.ConnectException: Connection refused (Connection refused)
[WARN ] 2019-07-01 20:17:52 [main] o.s.boot.actuate.endpoint.EndpointId [{EndpointId.java} {135}] - Endpoint ID 'service-registry' contains invalid characters, please migrate to a valid format.
[WARN ] 2019-07-01 20:17:52 [main] o.s.boot.actuate.endpoint.EndpointId [{EndpointId.java} {135}] - Endpoint ID 'hystrix.stream' contains invalid characters, please migrate to a valid format.
[WARN ] 2019-07-01 20:18:00 [main] o.s.c.c.c.ConfigServicePropertySourceLocator [{ConfigServicePropertySourceLocator.java} {143}] - Could not locate PropertySource: I/O error on GET request for "http://localhost:8888/product/default": Connection refused (Connection refused); nested exception is java.net.ConnectException: Connection refused (Connection refused)
[WARN ] 2019-07-01 20:18:00 [AMQP Connection 127.0.0.1:5672] c.r.c.impl.ForgivingExceptionHandler [{ForgivingExceptionHandler.java} {115}] - An unexpected connection driver error occured (Exception message: Socket closed)
[WARN ] 2019-07-01 20:18:00 [AMQP Connection 127.0.0.1:5672] c.r.c.impl.ForgivingExceptionHandler [{ForgivingExceptionHandler.java} {115}] - An unexpected connection driver error occured (Exception message: Socket closed)
[WARN ] 2019-07-01 20:18:00 [AMQP Connection 127.0.0.1:5672] c.r.c.impl.ForgivingExceptionHandler [{ForgivingExceptionHandler.java} {115}] - An unexpected connection driver error occured (Exception message: Socket closed)
[WARN ] 2019-07-01 20:18:00 [Thread-7] c.netflix.discovery.DiscoveryClient [{DiscoveryClient.java} {1303}] - Saw local status change event StatusChangeEvent [timestamp=1561983969470, current=DOWN, previous=UP]
[WARN ] 2019-07-01 20:26:23 [main] o.s.c.c.c.ConfigServicePropertySourceLocator [{ConfigServicePropertySourceLocator.java} {143}] - Could not locate PropertySource: I/O error on GET request for "http://localhost:8888/product/default": Connection refused (Connection refused); nested exception is java.net.ConnectException: Connection refused (Connection refused)
[WARN ] 2019-07-01 20:26:23 [main] o.s.boot.actuate.endpoint.EndpointId [{EndpointId.java} {135}] - Endpoint ID 'service-registry' contains invalid characters, please migrate to a valid format.
[WARN ] 2019-07-01 20:26:23 [main] o.s.boot.actuate.endpoint.EndpointId [{EndpointId.java} {135}] - Endpoint ID 'hystrix.stream' contains invalid characters, please migrate to a valid format.
[WARN ] 2019-07-01 20:26:29 [main] o.s.c.c.c.ConfigServicePropertySourceLocator [{ConfigServicePropertySourceLocator.java} {143}] - Could not locate PropertySource: I/O error on GET request for "http://localhost:8888/product/default": Connection refused (Connection refused); nested exception is java.net.ConnectException: Connection refused (Connection refused)
[WARN ] 2019-07-01 20:26:29 [RMI TCP Connection(4)-10.112.203.43] o.s.c.c.c.ConfigServicePropertySourceLocator [{ConfigServicePropertySourceLocator.java} {143}] - Could not locate PropertySource: I/O error on GET request for "http://localhost:8888/product/default": Connection refused (Connection refused); nested exception is java.net.ConnectException: Connection refused (Connection refused)
[WARN ] 2019-07-01 20:26:29 [AMQP Connection 127.0.0.1:5672] c.r.c.impl.ForgivingExceptionHandler [{ForgivingExceptionHandler.java} {115}] - An unexpected connection driver error occured (Exception message: Socket closed)
[WARN ] 2019-07-01 20:26:29 [AMQP Connection 127.0.0.1:5672] c.r.c.impl.ForgivingExceptionHandler [{ForgivingExceptionHandler.java} {115}] - An unexpected connection driver error occured (Exception message: Socket closed)
[WARN ] 2019-07-01 20:26:29 [Thread-25] c.netflix.discovery.DiscoveryClient [{DiscoveryClient.java} {1303}] - Saw local status change event StatusChangeEvent [timestamp=1561984452765, current=DOWN, previous=UP]
[WARN ] 2019-07-01 20:37:22 [main] o.s.c.c.c.ConfigServicePropertySourceLocator [{ConfigServicePropertySourceLocator.java} {143}] - Could not locate PropertySource: I/O error on GET request for "http://localhost:8888/product/default": Connection refused (Connection refused); nested exception is java.net.ConnectException: Connection refused (Connection refused)
[WARN ] 2019-07-01 20:37:22 [main] o.s.boot.actuate.endpoint.EndpointId [{EndpointId.java} {135}] - Endpoint ID 'service-registry' contains invalid characters, please migrate to a valid format.
[WARN ] 2019-07-01 20:37:22 [main] o.s.boot.actuate.endpoint.EndpointId [{EndpointId.java} {135}] - Endpoint ID 'hystrix.stream' contains invalid characters, please migrate to a valid format.
[WARN ] 2019-07-01 20:37:29 [main] o.s.c.c.c.ConfigServicePropertySourceLocator [{ConfigServicePropertySourceLocator.java} {143}] - Could not locate PropertySource: I/O error on GET request for "http://localhost:8888/product/default": Connection refused (Connection refused); nested exception is java.net.ConnectException: Connection refused (Connection refused)
[WARN ] 2019-07-01 20:37:29 [AMQP Connection 127.0.0.1:5672] c.r.c.impl.ForgivingExceptionHandler [{ForgivingExceptionHandler.java} {115}] - An unexpected connection driver error occured (Exception message: Socket closed)
[WARN ] 2019-07-01 20:37:29 [RMI TCP Connection(5)-10.112.203.43] o.s.c.c.c.ConfigServicePropertySourceLocator [{ConfigServicePropertySourceLocator.java} {143}] - Could not locate PropertySource: I/O error on GET request for "http://localhost:8888/product/default": Connection refused (Connection refused); nested exception is java.net.ConnectException: Connection refused (Connection refused)
[WARN ] 2019-07-01 20:37:29 [http-nio-8704-exec-1] o.s.w.s.m.s.DefaultHandlerExceptionResolver [{AbstractHandlerExceptionResolver.java} {198}] - Resolved [org.springframework.web.HttpMediaTypeNotAcceptableException: Could not find acceptable representation]
[WARN ] 2019-07-01 20:37:29 [http-nio-8704-exec-5] o.s.w.s.m.s.DefaultHandlerExceptionResolver [{AbstractHandlerExceptionResolver.java} {198}] - Resolved [org.springframework.web.HttpMediaTypeNotAcceptableException: Could not find acceptable representation]
[WARN ] 2019-07-01 20:37:29 [Thread-41] c.netflix.discovery.DiscoveryClient [{DiscoveryClient.java} {1303}] - Saw local status change event StatusChangeEvent [timestamp=1561985577536, current=DOWN, previous=UP]
[WARN ] 2019-07-01 20:53:14 [main] o.s.c.c.c.ConfigServicePropertySourceLocator [{ConfigServicePropertySourceLocator.java} {143}] - Could not locate PropertySource: I/O error on GET request for "http://localhost:8888/product/default": Connection refused (Connection refused); nested exception is java.net.ConnectException: Connection refused (Connection refused)
[WARN ] 2019-07-01 20:53:14 [main] o.s.boot.actuate.endpoint.EndpointId [{EndpointId.java} {135}] - Endpoint ID 'service-registry' contains invalid characters, please migrate to a valid format.
[WARN ] 2019-07-01 20:53:14 [main] o.s.boot.actuate.endpoint.EndpointId [{EndpointId.java} {135}] - Endpoint ID 'hystrix.stream' contains invalid characters, please migrate to a valid format.
[WARN ] 2019-07-01 20:53:21 [main] o.s.c.c.c.ConfigServicePropertySourceLocator [{ConfigServicePropertySourceLocator.java} {143}] - Could not locate PropertySource: I/O error on GET request for "http://localhost:8888/product/default": Connection refused (Connection refused); nested exception is java.net.ConnectException: Connection refused (Connection refused)
[WARN ] 2019-07-01 20:53:21 [AMQP Connection 127.0.0.1:5672] c.r.c.impl.ForgivingExceptionHandler [{ForgivingExceptionHandler.java} {115}] - An unexpected connection driver error occured (Exception message: Socket closed)
[WARN ] 2019-07-01 20:53:21 [RMI TCP Connection(5)-10.112.203.43] o.s.c.c.c.ConfigServicePropertySourceLocator [{ConfigServicePropertySourceLocator.java} {143}] - Could not locate PropertySource: I/O error on GET request for "http://localhost:8888/product/default": Connection refused (Connection refused); nested exception is java.net.ConnectException: Connection refused (Connection refused)
[WARN ] 2019-07-01 20:53:21 [AMQP Connection 127.0.0.1:5672] c.r.c.impl.ForgivingExceptionHandler [{ForgivingExceptionHandler.java} {115}] - An unexpected connection driver error occured (Exception message: Socket closed)
[WARN ] 2019-07-01 20:53:21 [AMQP Connection 127.0.0.1:5672] c.r.c.impl.ForgivingExceptionHandler [{ForgivingExceptionHandler.java} {115}] - An unexpected connection driver error occured (Exception message: Socket closed)
