[WARN ] 2019-07-01 19:35:51 [main] o.s.c.c.c.ConfigServicePropertySourceLocator [{ConfigServicePropertySourceLocator.java} {143}] - Could not locate PropertySource: I/O error on GET request for "http://localhost:8888/customer/default": Connection refused (Connection refused); nested exception is java.net.ConnectException: Connection refused (Connection refused)
[WARN ] 2019-07-01 19:35:51 [main] o.s.boot.actuate.endpoint.EndpointId [{EndpointId.java} {135}] - Endpoint ID 'service-registry' contains invalid characters, please migrate to a valid format.
[WARN ] 2019-07-01 19:35:51 [main] o.s.boot.actuate.endpoint.EndpointId [{EndpointId.java} {135}] - Endpoint ID 'hystrix.stream' contains invalid characters, please migrate to a valid format.
[WARN ] 2019-07-01 19:35:51 [http-nio-8705-exec-2] o.s.w.s.m.s.DefaultHandlerExceptionResolver [{AbstractHandlerExceptionResolver.java} {198}] - Resolved [org.springframework.web.HttpRequestMethodNotSupportedException: Request method 'GET' not supported]
[WARN ] 2019-07-01 19:35:51 [http-nio-8705-exec-4] o.s.w.s.m.s.DefaultHandlerExceptionResolver [{AbstractHandlerExceptionResolver.java} {198}] - Resolved [org.springframework.web.HttpRequestMethodNotSupportedException: Request method 'GET' not supported]
[WARN ] 2019-07-01 19:35:51 [http-nio-8705-exec-5] o.s.w.s.m.s.DefaultHandlerExceptionResolver [{AbstractHandlerExceptionResolver.java} {198}] - Resolved [org.springframework.web.HttpRequestMethodNotSupportedException: Request method 'GET' not supported]
[WARN ] 2019-07-01 19:35:51 [http-nio-8705-exec-6] o.s.w.s.m.s.DefaultHandlerExceptionResolver [{AbstractHandlerExceptionResolver.java} {198}] - Resolved [org.springframework.web.HttpRequestMethodNotSupportedException: Request method 'GET' not supported]
[WARN ] 2019-07-01 19:35:51 [http-nio-8705-exec-7] o.s.w.s.m.s.DefaultHandlerExceptionResolver [{AbstractHandlerExceptionResolver.java} {198}] - Resolved [org.springframework.web.HttpRequestMethodNotSupportedException: Request method 'GET' not supported]
[WARN ] 2019-07-01 19:35:51 [http-nio-8705-exec-8] o.s.w.s.m.s.DefaultHandlerExceptionResolver [{AbstractHandlerExceptionResolver.java} {198}] - Resolved [org.springframework.web.HttpRequestMethodNotSupportedException: Request method 'GET' not supported]
[WARN ] 2019-07-01 19:35:51 [http-nio-8705-exec-9] o.s.w.s.m.s.DefaultHandlerExceptionResolver [{AbstractHandlerExceptionResolver.java} {198}] - Resolved [org.springframework.web.HttpRequestMethodNotSupportedException: Request method 'GET' not supported]
[WARN ] 2019-07-01 19:35:51 [http-nio-8705-exec-10] o.s.w.s.m.s.DefaultHandlerExceptionResolver [{AbstractHandlerExceptionResolver.java} {198}] - Resolved [org.springframework.web.HttpRequestMethodNotSupportedException: Request method 'GET' not supported]
[WARN ] 2019-07-01 19:35:51 [http-nio-8705-exec-2] o.s.w.s.m.s.DefaultHandlerExceptionResolver [{AbstractHandlerExceptionResolver.java} {198}] - Resolved [org.springframework.web.HttpRequestMethodNotSupportedException: Request method 'GET' not supported]
[WARN ] 2019-07-01 19:35:51 [http-nio-8705-exec-3] o.s.w.s.m.s.DefaultHandlerExceptionResolver [{AbstractHandlerExceptionResolver.java} {198}] - Resolved [org.springframework.web.HttpRequestMethodNotSupportedException: Request method 'GET' not supported]
[WARN ] 2019-07-01 19:35:51 [http-nio-8705-exec-4] o.s.w.s.m.s.DefaultHandlerExceptionResolver [{AbstractHandlerExceptionResolver.java} {198}] - Resolved [org.springframework.web.HttpRequestMethodNotSupportedException: Request method 'GET' not supported]
[WARN ] 2019-07-01 19:35:51 [http-nio-8705-exec-5] o.s.w.s.m.s.DefaultHandlerExceptionResolver [{AbstractHandlerExceptionResolver.java} {198}] - Resolved [org.springframework.web.HttpRequestMethodNotSupportedException: Request method 'GET' not supported]
[WARN ] 2019-07-01 19:35:51 [http-nio-8705-exec-7] o.s.w.s.m.s.DefaultHandlerExceptionResolver [{AbstractHandlerExceptionResolver.java} {198}] - Resolved [org.springframework.web.HttpRequestMethodNotSupportedException: Request method 'GET' not supported]
[WARN ] 2019-07-01 19:35:51 [Thread-6] c.netflix.discovery.DiscoveryClient [{DiscoveryClient.java} {1303}] - Saw local status change event StatusChangeEvent [timestamp=1561981442611, current=DOWN, previous=UP]
[WARN ] 2019-07-01 19:44:18 [main] o.s.c.c.c.ConfigServicePropertySourceLocator [{ConfigServicePropertySourceLocator.java} {143}] - Could not locate PropertySource: I/O error on GET request for "http://localhost:8888/customer/default": Connection refused (Connection refused); nested exception is java.net.ConnectException: Connection refused (Connection refused)
[WARN ] 2019-07-01 19:44:18 [main] o.s.boot.actuate.endpoint.EndpointId [{EndpointId.java} {135}] - Endpoint ID 'service-registry' contains invalid characters, please migrate to a valid format.
[WARN ] 2019-07-01 19:44:18 [main] o.s.boot.actuate.endpoint.EndpointId [{EndpointId.java} {135}] - Endpoint ID 'hystrix.stream' contains invalid characters, please migrate to a valid format.
[WARN ] 2019-07-01 19:44:18 [Thread-6] c.netflix.discovery.DiscoveryClient [{DiscoveryClient.java} {1303}] - Saw local status change event StatusChangeEvent [timestamp=1561981591736, current=DOWN, previous=UP]
[WARN ] 2019-07-01 19:44:18 [AsyncReporter{org.springframework.cloud.sleuth.zipkin2.sender.RestTemplateSender@565aa4ac}] o.s.c.a.AnnotationConfigApplicationContext [{AbstractApplicationContext.java} {557}] - Exception encountered during context initialization - cancelling refresh attempt: org.springframework.beans.factory.UnsatisfiedDependencyException: Error creating bean with name 'eurekaRibbonClientConfiguration': Unsatisfied dependency expressed through field 'eurekaConfig'; nested exception is org.springframework.beans.factory.BeanCreationNotAllowedException: Error creating bean with name 'eurekaInstanceConfigBean': Singleton bean creation not allowed while singletons of this factory are in destruction (Do not request a bean from a BeanFactory in a destroy method implementation!)
[WARN ] 2019-07-01 19:46:47 [main] o.s.c.c.c.ConfigServicePropertySourceLocator [{ConfigServicePropertySourceLocator.java} {143}] - Could not locate PropertySource: I/O error on GET request for "http://localhost:8888/customer/default": Connection refused (Connection refused); nested exception is java.net.ConnectException: Connection refused (Connection refused)
[WARN ] 2019-07-01 19:46:47 [main] o.s.boot.actuate.endpoint.EndpointId [{EndpointId.java} {135}] - Endpoint ID 'service-registry' contains invalid characters, please migrate to a valid format.
[WARN ] 2019-07-01 19:46:47 [main] o.s.boot.actuate.endpoint.EndpointId [{EndpointId.java} {135}] - Endpoint ID 'hystrix.stream' contains invalid characters, please migrate to a valid format.
[WARN ] 2019-07-01 19:46:47 [RMI TCP Connection(5)-10.112.203.43] o.s.c.c.c.ConfigServicePropertySourceLocator [{ConfigServicePropertySourceLocator.java} {143}] - Could not locate PropertySource: I/O error on GET request for "http://localhost:8888/customer/default": Connection refused (Connection refused); nested exception is java.net.ConnectException: Connection refused (Connection refused)
[WARN ] 2019-07-01 19:46:47 [Thread-20] c.netflix.discovery.DiscoveryClient [{DiscoveryClient.java} {1303}] - Saw local status change event StatusChangeEvent [timestamp=1561981843710, current=DOWN, previous=UP]
[WARN ] 2019-07-01 19:51:02 [main] o.s.c.c.c.ConfigServicePropertySourceLocator [{ConfigServicePropertySourceLocator.java} {143}] - Could not locate PropertySource: I/O error on GET request for "http://localhost:8888/customer/default": Connection refused (Connection refused); nested exception is java.net.ConnectException: Connection refused (Connection refused)
[WARN ] 2019-07-01 19:51:02 [main] o.s.boot.actuate.endpoint.EndpointId [{EndpointId.java} {135}] - Endpoint ID 'service-registry' contains invalid characters, please migrate to a valid format.
[WARN ] 2019-07-01 19:51:02 [main] o.s.boot.actuate.endpoint.EndpointId [{EndpointId.java} {135}] - Endpoint ID 'hystrix.stream' contains invalid characters, please migrate to a valid format.
[WARN ] 2019-07-01 19:51:02 [Thread-6] c.netflix.discovery.DiscoveryClient [{DiscoveryClient.java} {1303}] - Saw local status change event StatusChangeEvent [timestamp=1561982110681, current=DOWN, previous=UP]
[WARN ] 2019-07-01 19:55:24 [main] o.s.c.c.c.ConfigServicePropertySourceLocator [{ConfigServicePropertySourceLocator.java} {143}] - Could not locate PropertySource: I/O error on GET request for "http://localhost:8888/customer/default": Connection refused (Connection refused); nested exception is java.net.ConnectException: Connection refused (Connection refused)
[WARN ] 2019-07-01 19:55:24 [main] o.s.boot.actuate.endpoint.EndpointId [{EndpointId.java} {135}] - Endpoint ID 'service-registry' contains invalid characters, please migrate to a valid format.
[WARN ] 2019-07-01 19:55:24 [main] o.s.boot.actuate.endpoint.EndpointId [{EndpointId.java} {135}] - Endpoint ID 'hystrix.stream' contains invalid characters, please migrate to a valid format.
[WARN ] 2019-07-01 19:55:24 [RMI TCP Connection(3)-10.112.203.43] o.s.c.c.c.ConfigServicePropertySourceLocator [{ConfigServicePropertySourceLocator.java} {143}] - Could not locate PropertySource: I/O error on GET request for "http://localhost:8888/customer/default": Connection refused (Connection refused); nested exception is java.net.ConnectException: Connection refused (Connection refused)
[WARN ] 2019-07-01 19:55:24 [Thread-19] c.netflix.discovery.DiscoveryClient [{DiscoveryClient.java} {1303}] - Saw local status change event StatusChangeEvent [timestamp=1561982506668, current=DOWN, previous=UP]
[WARN ] 2019-07-01 20:17:44 [main] o.s.c.c.c.ConfigServicePropertySourceLocator [{ConfigServicePropertySourceLocator.java} {143}] - Could not locate PropertySource: I/O error on GET request for "http://localhost:8888/customer/default": Connection refused (Connection refused); nested exception is java.net.ConnectException: Connection refused (Connection refused)
[WARN ] 2019-07-01 20:17:44 [main] o.s.boot.actuate.endpoint.EndpointId [{EndpointId.java} {135}] - Endpoint ID 'service-registry' contains invalid characters, please migrate to a valid format.
[WARN ] 2019-07-01 20:17:44 [main] o.s.boot.actuate.endpoint.EndpointId [{EndpointId.java} {135}] - Endpoint ID 'hystrix.stream' contains invalid characters, please migrate to a valid format.
[WARN ] 2019-07-01 20:17:44 [RMI TCP Connection(4)-10.112.203.43] o.s.c.c.c.ConfigServicePropertySourceLocator [{ConfigServicePropertySourceLocator.java} {143}] - Could not locate PropertySource: I/O error on GET request for "http://localhost:8888/customer/default": Connection refused (Connection refused); nested exception is java.net.ConnectException: Connection refused (Connection refused)
[WARN ] 2019-07-01 20:17:44 [Thread-22] c.netflix.discovery.DiscoveryClient [{DiscoveryClient.java} {1303}] - Saw local status change event StatusChangeEvent [timestamp=1561984024187, current=DOWN, previous=UP]
[WARN ] 2019-07-01 20:27:14 [main] o.s.c.c.c.ConfigServicePropertySourceLocator [{ConfigServicePropertySourceLocator.java} {143}] - Could not locate PropertySource: I/O error on GET request for "http://localhost:8888/customer/default": Connection refused (Connection refused); nested exception is java.net.ConnectException: Connection refused (Connection refused)
[WARN ] 2019-07-01 20:27:14 [main] o.s.boot.actuate.endpoint.EndpointId [{EndpointId.java} {135}] - Endpoint ID 'service-registry' contains invalid characters, please migrate to a valid format.
[WARN ] 2019-07-01 20:27:14 [main] o.s.boot.actuate.endpoint.EndpointId [{EndpointId.java} {135}] - Endpoint ID 'hystrix.stream' contains invalid characters, please migrate to a valid format.
[WARN ] 2019-07-01 20:27:14 [RMI TCP Connection(2)-10.112.203.43] o.s.c.c.c.ConfigServicePropertySourceLocator [{ConfigServicePropertySourceLocator.java} {143}] - Could not locate PropertySource: I/O error on GET request for "http://localhost:8888/customer/default": Connection refused (Connection refused); nested exception is java.net.ConnectException: Connection refused (Connection refused)
[WARN ] 2019-07-01 20:27:14 [Thread-17] c.netflix.discovery.DiscoveryClient [{DiscoveryClient.java} {1303}] - Saw local status change event StatusChangeEvent [timestamp=1561984452829, current=DOWN, previous=UP]
[WARN ] 2019-07-01 20:36:44 [main] o.s.c.c.c.ConfigServicePropertySourceLocator [{ConfigServicePropertySourceLocator.java} {143}] - Could not locate PropertySource: I/O error on GET request for "http://localhost:8888/customer/default": Connection refused (Connection refused); nested exception is java.net.ConnectException: Connection refused (Connection refused)
[WARN ] 2019-07-01 20:36:44 [main] o.s.boot.actuate.endpoint.EndpointId [{EndpointId.java} {135}] - Endpoint ID 'service-registry' contains invalid characters, please migrate to a valid format.
[WARN ] 2019-07-01 20:36:44 [main] o.s.boot.actuate.endpoint.EndpointId [{EndpointId.java} {135}] - Endpoint ID 'hystrix.stream' contains invalid characters, please migrate to a valid format.
[WARN ] 2019-07-01 20:36:44 [RMI TCP Connection(1)-10.112.203.43] o.s.c.c.c.ConfigServicePropertySourceLocator [{ConfigServicePropertySourceLocator.java} {143}] - Could not locate PropertySource: I/O error on GET request for "http://localhost:8888/customer/default": Connection refused (Connection refused); nested exception is java.net.ConnectException: Connection refused (Connection refused)
[WARN ] 2019-07-01 20:36:44 [Thread-23] c.netflix.discovery.DiscoveryClient [{DiscoveryClient.java} {1303}] - Saw local status change event StatusChangeEvent [timestamp=1561985550282, current=DOWN, previous=UP]
[WARN ] 2019-07-01 20:52:48 [main] o.s.c.c.c.ConfigServicePropertySourceLocator [{ConfigServicePropertySourceLocator.java} {143}] - Could not locate PropertySource: I/O error on GET request for "http://localhost:8888/customer/default": Connection refused (Connection refused); nested exception is java.net.ConnectException: Connection refused (Connection refused)
[WARN ] 2019-07-01 20:52:48 [main] o.s.boot.actuate.endpoint.EndpointId [{EndpointId.java} {135}] - Endpoint ID 'service-registry' contains invalid characters, please migrate to a valid format.
[WARN ] 2019-07-01 20:52:48 [main] o.s.boot.actuate.endpoint.EndpointId [{EndpointId.java} {135}] - Endpoint ID 'hystrix.stream' contains invalid characters, please migrate to a valid format.
[WARN ] 2019-07-01 20:52:48 [RMI TCP Connection(3)-10.112.203.43] o.s.c.c.c.ConfigServicePropertySourceLocator [{ConfigServicePropertySourceLocator.java} {143}] - Could not locate PropertySource: I/O error on GET request for "http://localhost:8888/customer/default": Connection refused (Connection refused); nested exception is java.net.ConnectException: Connection refused (Connection refused)
