[INFO ] 2019-07-01 20:06:06 [main] o.s.c.s.PostProcessorRegistrationDelegate$BeanPostProcessorChecker [{PostProcessorRegistrationDelegate.java} {330}] - Bean 'org.springframework.cloud.autoconfigure.ConfigurationPropertiesRebinderAutoConfiguration' of type [org.springframework.cloud.autoconfigure.ConfigurationPropertiesRebinderAutoConfiguration$$EnhancerBySpringCGLIB$$60a74d55] is not eligible for getting processed by all BeanPostProcessors (for example: not eligible for auto-proxying)
[INFO ] 2019-07-01 20:06:06 [main] o.s.c.c.c.ConfigServicePropertySourceLocator [{ConfigServicePropertySourceLocator.java} {207}] - Fetching config from server at : http://localhost:8888
[INFO ] 2019-07-01 20:06:06 [main] o.s.c.c.c.ConfigServicePropertySourceLocator [{ConfigServicePropertySourceLocator.java} {230}] - Connect Timeout Exception on Url - http://localhost:8888. Will be trying the next url if available
[INFO ] 2019-07-01 20:06:06 [main] o.y.c.CustomerApplicationTests [{SpringApplication.java} {679}] - The following profiles are active: dev
[INFO ] 2019-07-01 20:06:06 [main] o.s.d.r.c.RepositoryConfigurationDelegate [{RepositoryConfigurationDelegate.java} {244}] - Multiple Spring Data modules found, entering strict repository configuration mode!
[INFO ] 2019-07-01 20:06:06 [main] o.s.d.r.c.RepositoryConfigurationDelegate [{RepositoryConfigurationDelegate.java} {126}] - Bootstrapping Spring Data repositories in DEFAULT mode.
[INFO ] 2019-07-01 20:06:06 [main] o.s.d.r.c.RepositoryConfigurationDelegate [{RepositoryConfigurationDelegate.java} {182}] - Finished Spring Data repository scanning in 11ms. Found 0 repository interfaces.
[INFO ] 2019-07-01 20:06:06 [main] o.s.cloud.context.scope.GenericScope [{GenericScope.java} {295}] - BeanFactory id=3cdd19e0-7217-3ac7-a77d-8f9f316078e4
[INFO ] 2019-07-01 20:06:06 [main] o.s.c.s.PostProcessorRegistrationDelegate$BeanPostProcessorChecker [{PostProcessorRegistrationDelegate.java} {330}] - Bean 'org.springframework.cloud.autoconfigure.ConfigurationPropertiesRebinderAutoConfiguration' of type [org.springframework.cloud.autoconfigure.ConfigurationPropertiesRebinderAutoConfiguration$$EnhancerBySpringCGLIB$$60a74d55] is not eligible for getting processed by all BeanPostProcessors (for example: not eligible for auto-proxying)
[INFO ] 2019-07-01 20:06:06 [main] org.yugh.customer.utils.RedisClient [{RedisClient.java} {32}] - =============> redis run ............
[INFO ] 2019-07-01 20:06:06 [main] c.n.c.sources.URLConfigurationSource [{URLConfigurationSource.java} {126}] - URLs to be used as dynamic configuration source: [file:/Users/yuzhilin/IdeaProjects/spring-cloud/customer/target/classes/config.properties]
[INFO ] 2019-07-01 20:06:06 [main] c.n.config.DynamicPropertyFactory [{DynamicPropertyFactory.java} {281}] - DynamicPropertyFactory is initialized with configuration sources: com.netflix.config.ConcurrentCompositeConfiguration@7911cc15
[INFO ] 2019-07-01 20:06:06 [main] c.n.c.sources.URLConfigurationSource [{URLConfigurationSource.java} {126}] - URLs to be used as dynamic configuration source: [file:/Users/yuzhilin/IdeaProjects/spring-cloud/customer/target/classes/config.properties]
[INFO ] 2019-07-01 20:06:06 [main] o.s.s.c.ThreadPoolTaskExecutor [{ExecutorConfigurationSupport.java} {171}] - Initializing ExecutorService 'applicationTaskExecutor'
[INFO ] 2019-07-01 20:06:06 [main] o.s.b.a.e.web.EndpointLinksResolver [{EndpointLinksResolver.java} {59}] - Exposing 1 endpoint(s) beneath base path '/actuator'
[INFO ] 2019-07-01 20:06:06 [main] o.y.c.CustomerApplicationTests [{StartupInfoLogger.java} {59}] - Started CustomerApplicationTests in 11.88 seconds (JVM running for 12.684)
[INFO ] 2019-07-01 20:06:06 [Thread-5] o.s.c.n.eureka.InstanceInfoFactory [{InstanceInfoFactory.java} {72}] - Setting initial instance status as: STARTING
[INFO ] 2019-07-01 20:06:06 [Thread-5] o.s.c.n.e.s.EurekaServiceRegistry [{EurekaServiceRegistry.java} {65}] - Unregistering application CUSTOMER with eureka with status DOWN
[INFO ] 2019-07-01 20:06:06 [Thread-5] o.s.s.c.ThreadPoolTaskExecutor [{ExecutorConfigurationSupport.java} {208}] - Shutting down ExecutorService 'applicationTaskExecutor'
[INFO ] 2019-07-01 20:09:35 [main] o.s.c.s.PostProcessorRegistrationDelegate$BeanPostProcessorChecker [{PostProcessorRegistrationDelegate.java} {330}] - Bean 'org.springframework.cloud.autoconfigure.ConfigurationPropertiesRebinderAutoConfiguration' of type [org.springframework.cloud.autoconfigure.ConfigurationPropertiesRebinderAutoConfiguration$$EnhancerBySpringCGLIB$$e1770d9d] is not eligible for getting processed by all BeanPostProcessors (for example: not eligible for auto-proxying)
[INFO ] 2019-07-01 20:09:35 [main] o.s.c.c.c.ConfigServicePropertySourceLocator [{ConfigServicePropertySourceLocator.java} {207}] - Fetching config from server at : http://localhost:8888
[INFO ] 2019-07-01 20:09:35 [main] o.s.c.c.c.ConfigServicePropertySourceLocator [{ConfigServicePropertySourceLocator.java} {230}] - Connect Timeout Exception on Url - http://localhost:8888. Will be trying the next url if available
[INFO ] 2019-07-01 20:09:35 [main] o.y.c.CustomerApplicationTests [{SpringApplication.java} {679}] - The following profiles are active: dev
[INFO ] 2019-07-01 20:09:35 [main] o.s.d.r.c.RepositoryConfigurationDelegate [{RepositoryConfigurationDelegate.java} {244}] - Multiple Spring Data modules found, entering strict repository configuration mode!
[INFO ] 2019-07-01 20:09:35 [main] o.s.d.r.c.RepositoryConfigurationDelegate [{RepositoryConfigurationDelegate.java} {126}] - Bootstrapping Spring Data repositories in DEFAULT mode.
[INFO ] 2019-07-01 20:09:35 [main] o.s.d.r.c.RepositoryConfigurationDelegate [{RepositoryConfigurationDelegate.java} {182}] - Finished Spring Data repository scanning in 89ms. Found 0 repository interfaces.
[INFO ] 2019-07-01 20:09:35 [main] o.s.cloud.context.scope.GenericScope [{GenericScope.java} {295}] - BeanFactory id=3cdd19e0-7217-3ac7-a77d-8f9f316078e4
[INFO ] 2019-07-01 20:09:35 [main] o.s.c.s.PostProcessorRegistrationDelegate$BeanPostProcessorChecker [{PostProcessorRegistrationDelegate.java} {330}] - Bean 'org.springframework.cloud.autoconfigure.ConfigurationPropertiesRebinderAutoConfiguration' of type [org.springframework.cloud.autoconfigure.ConfigurationPropertiesRebinderAutoConfiguration$$EnhancerBySpringCGLIB$$e1770d9d] is not eligible for getting processed by all BeanPostProcessors (for example: not eligible for auto-proxying)
[INFO ] 2019-07-01 20:09:35 [main] org.yugh.customer.utils.RedisClient [{RedisClient.java} {32}] - =============> redis run ............
[INFO ] 2019-07-01 20:09:35 [main] c.n.c.sources.URLConfigurationSource [{URLConfigurationSource.java} {126}] - URLs to be used as dynamic configuration source: [file:/Users/yuzhilin/IdeaProjects/spring-cloud/customer/target/classes/config.properties]
[INFO ] 2019-07-01 20:09:35 [main] c.n.config.DynamicPropertyFactory [{DynamicPropertyFactory.java} {281}] - DynamicPropertyFactory is initialized with configuration sources: com.netflix.config.ConcurrentCompositeConfiguration@656c5c3
[INFO ] 2019-07-01 20:09:35 [main] c.n.c.sources.URLConfigurationSource [{URLConfigurationSource.java} {126}] - URLs to be used as dynamic configuration source: [file:/Users/yuzhilin/IdeaProjects/spring-cloud/customer/target/classes/config.properties]
[INFO ] 2019-07-01 20:09:35 [main] o.s.s.c.ThreadPoolTaskExecutor [{ExecutorConfigurationSupport.java} {171}] - Initializing ExecutorService 'applicationTaskExecutor'
[INFO ] 2019-07-01 20:09:35 [main] o.s.b.a.e.web.EndpointLinksResolver [{EndpointLinksResolver.java} {59}] - Exposing 1 endpoint(s) beneath base path '/actuator'
[INFO ] 2019-07-01 20:09:35 [main] o.y.c.CustomerApplicationTests [{StartupInfoLogger.java} {59}] - Started CustomerApplicationTests in 11.956 seconds (JVM running for 12.723)
[INFO ] 2019-07-01 20:09:35 [Thread-5] o.s.c.n.eureka.InstanceInfoFactory [{InstanceInfoFactory.java} {72}] - Setting initial instance status as: STARTING
[INFO ] 2019-07-01 20:09:35 [Thread-5] o.s.c.n.e.s.EurekaServiceRegistry [{EurekaServiceRegistry.java} {65}] - Unregistering application CUSTOMER with eureka with status DOWN
[INFO ] 2019-07-01 20:09:35 [Thread-5] o.s.s.c.ThreadPoolTaskExecutor [{ExecutorConfigurationSupport.java} {208}] - Shutting down ExecutorService 'applicationTaskExecutor'
[INFO ] 2019-07-01 20:09:35 [AsyncReporter{org.springframework.cloud.sleuth.zipkin2.sender.RestTemplateSender@2cd5b19c}] c.n.c.sources.URLConfigurationSource [{URLConfigurationSource.java} {126}] - URLs to be used as dynamic configuration source: [file:/Users/yuzhilin/IdeaProjects/spring-cloud/customer/target/classes/config.properties]
[INFO ] 2019-07-01 20:09:35 [AsyncReporter{org.springframework.cloud.sleuth.zipkin2.sender.RestTemplateSender@2cd5b19c}] c.n.config.DynamicPropertyFactory [{DynamicPropertyFactory.java} {281}] - DynamicPropertyFactory is initialized with configuration sources: com.netflix.config.ConcurrentCompositeConfiguration@112c5e6b
[INFO ] 2019-07-01 20:10:57 [main] o.s.c.s.PostProcessorRegistrationDelegate$BeanPostProcessorChecker [{PostProcessorRegistrationDelegate.java} {330}] - Bean 'org.springframework.cloud.autoconfigure.ConfigurationPropertiesRebinderAutoConfiguration' of type [org.springframework.cloud.autoconfigure.ConfigurationPropertiesRebinderAutoConfiguration$$EnhancerBySpringCGLIB$$e1770d9d] is not eligible for getting processed by all BeanPostProcessors (for example: not eligible for auto-proxying)
[INFO ] 2019-07-01 20:10:58 [main] o.s.c.c.c.ConfigServicePropertySourceLocator [{ConfigServicePropertySourceLocator.java} {207}] - Fetching config from server at : http://localhost:8888
[INFO ] 2019-07-01 20:10:58 [main] o.s.c.c.c.ConfigServicePropertySourceLocator [{ConfigServicePropertySourceLocator.java} {230}] - Connect Timeout Exception on Url - http://localhost:8888. Will be trying the next url if available
[INFO ] 2019-07-01 20:10:58 [main] o.y.c.CustomerApplicationTests [{SpringApplication.java} {679}] - The following profiles are active: dev
[INFO ] 2019-07-01 20:10:58 [main] o.s.d.r.c.RepositoryConfigurationDelegate [{RepositoryConfigurationDelegate.java} {244}] - Multiple Spring Data modules found, entering strict repository configuration mode!
[INFO ] 2019-07-01 20:10:58 [main] o.s.d.r.c.RepositoryConfigurationDelegate [{RepositoryConfigurationDelegate.java} {126}] - Bootstrapping Spring Data repositories in DEFAULT mode.
[INFO ] 2019-07-01 20:10:58 [main] o.s.d.r.c.RepositoryConfigurationDelegate [{RepositoryConfigurationDelegate.java} {182}] - Finished Spring Data repository scanning in 12ms. Found 0 repository interfaces.
[INFO ] 2019-07-01 20:10:58 [main] o.s.cloud.context.scope.GenericScope [{GenericScope.java} {295}] - BeanFactory id=3cdd19e0-7217-3ac7-a77d-8f9f316078e4
[INFO ] 2019-07-01 20:10:58 [main] o.s.c.s.PostProcessorRegistrationDelegate$BeanPostProcessorChecker [{PostProcessorRegistrationDelegate.java} {330}] - Bean 'org.springframework.cloud.autoconfigure.ConfigurationPropertiesRebinderAutoConfiguration' of type [org.springframework.cloud.autoconfigure.ConfigurationPropertiesRebinderAutoConfiguration$$EnhancerBySpringCGLIB$$e1770d9d] is not eligible for getting processed by all BeanPostProcessors (for example: not eligible for auto-proxying)
[INFO ] 2019-07-01 20:10:58 [main] org.yugh.customer.utils.RedisClient [{RedisClient.java} {32}] - =============> redis run ............
[INFO ] 2019-07-01 20:10:58 [main] c.n.c.sources.URLConfigurationSource [{URLConfigurationSource.java} {126}] - URLs to be used as dynamic configuration source: [file:/Users/yuzhilin/IdeaProjects/spring-cloud/customer/target/classes/config.properties]
[INFO ] 2019-07-01 20:10:58 [main] c.n.config.DynamicPropertyFactory [{DynamicPropertyFactory.java} {281}] - DynamicPropertyFactory is initialized with configuration sources: com.netflix.config.ConcurrentCompositeConfiguration@5403907
[INFO ] 2019-07-01 20:10:58 [main] c.n.c.sources.URLConfigurationSource [{URLConfigurationSource.java} {126}] - URLs to be used as dynamic configuration source: [file:/Users/yuzhilin/IdeaProjects/spring-cloud/customer/target/classes/config.properties]
[INFO ] 2019-07-01 20:10:58 [main] o.s.s.c.ThreadPoolTaskExecutor [{ExecutorConfigurationSupport.java} {171}] - Initializing ExecutorService 'applicationTaskExecutor'
[INFO ] 2019-07-01 20:10:58 [main] o.s.b.a.e.web.EndpointLinksResolver [{EndpointLinksResolver.java} {59}] - Exposing 1 endpoint(s) beneath base path '/actuator'
[INFO ] 2019-07-01 20:10:58 [main] o.y.c.CustomerApplicationTests [{StartupInfoLogger.java} {59}] - Started CustomerApplicationTests in 12.045 seconds (JVM running for 12.844)
[INFO ] 2019-07-01 20:10:58 [Thread-5] o.s.c.n.eureka.InstanceInfoFactory [{InstanceInfoFactory.java} {72}] - Setting initial instance status as: STARTING
[INFO ] 2019-07-01 20:10:58 [Thread-5] o.s.c.n.e.s.EurekaServiceRegistry [{EurekaServiceRegistry.java} {65}] - Unregistering application CUSTOMER with eureka with status DOWN
[INFO ] 2019-07-01 20:10:58 [Thread-5] o.s.s.c.ThreadPoolTaskExecutor [{ExecutorConfigurationSupport.java} {208}] - Shutting down ExecutorService 'applicationTaskExecutor'
[INFO ] 2019-07-01 20:11:50 [main] o.s.c.s.PostProcessorRegistrationDelegate$BeanPostProcessorChecker [{PostProcessorRegistrationDelegate.java} {330}] - Bean 'org.springframework.cloud.autoconfigure.ConfigurationPropertiesRebinderAutoConfiguration' of type [org.springframework.cloud.autoconfigure.ConfigurationPropertiesRebinderAutoConfiguration$$EnhancerBySpringCGLIB$$e1770d9d] is not eligible for getting processed by all BeanPostProcessors (for example: not eligible for auto-proxying)
[INFO ] 2019-07-01 20:11:50 [main] o.s.c.c.c.ConfigServicePropertySourceLocator [{ConfigServicePropertySourceLocator.java} {207}] - Fetching config from server at : http://localhost:8888
[INFO ] 2019-07-01 20:11:50 [main] o.s.c.c.c.ConfigServicePropertySourceLocator [{ConfigServicePropertySourceLocator.java} {230}] - Connect Timeout Exception on Url - http://localhost:8888. Will be trying the next url if available
[INFO ] 2019-07-01 20:11:50 [main] o.y.c.CustomerApplicationTests [{SpringApplication.java} {679}] - The following profiles are active: dev
[INFO ] 2019-07-01 20:11:50 [main] o.s.d.r.c.RepositoryConfigurationDelegate [{RepositoryConfigurationDelegate.java} {244}] - Multiple Spring Data modules found, entering strict repository configuration mode!
[INFO ] 2019-07-01 20:11:50 [main] o.s.d.r.c.RepositoryConfigurationDelegate [{RepositoryConfigurationDelegate.java} {126}] - Bootstrapping Spring Data repositories in DEFAULT mode.
[INFO ] 2019-07-01 20:11:50 [main] o.s.d.r.c.RepositoryConfigurationDelegate [{RepositoryConfigurationDelegate.java} {182}] - Finished Spring Data repository scanning in 89ms. Found 0 repository interfaces.
[INFO ] 2019-07-01 20:11:50 [main] o.s.cloud.context.scope.GenericScope [{GenericScope.java} {295}] - BeanFactory id=3cdd19e0-7217-3ac7-a77d-8f9f316078e4
[INFO ] 2019-07-01 20:11:50 [main] o.s.c.s.PostProcessorRegistrationDelegate$BeanPostProcessorChecker [{PostProcessorRegistrationDelegate.java} {330}] - Bean 'org.springframework.cloud.autoconfigure.ConfigurationPropertiesRebinderAutoConfiguration' of type [org.springframework.cloud.autoconfigure.ConfigurationPropertiesRebinderAutoConfiguration$$EnhancerBySpringCGLIB$$e1770d9d] is not eligible for getting processed by all BeanPostProcessors (for example: not eligible for auto-proxying)
[INFO ] 2019-07-01 20:11:50 [main] org.yugh.customer.utils.RedisClient [{RedisClient.java} {32}] - =============> redis run ............
[INFO ] 2019-07-01 20:11:50 [main] c.n.c.sources.URLConfigurationSource [{URLConfigurationSource.java} {126}] - URLs to be used as dynamic configuration source: [file:/Users/yuzhilin/IdeaProjects/spring-cloud/customer/target/classes/config.properties]
[INFO ] 2019-07-01 20:11:50 [main] c.n.config.DynamicPropertyFactory [{DynamicPropertyFactory.java} {281}] - DynamicPropertyFactory is initialized with configuration sources: com.netflix.config.ConcurrentCompositeConfiguration@656c5c3
[INFO ] 2019-07-01 20:11:50 [main] c.n.c.sources.URLConfigurationSource [{URLConfigurationSource.java} {126}] - URLs to be used as dynamic configuration source: [file:/Users/yuzhilin/IdeaProjects/spring-cloud/customer/target/classes/config.properties]
[INFO ] 2019-07-01 20:11:50 [main] o.s.s.c.ThreadPoolTaskExecutor [{ExecutorConfigurationSupport.java} {171}] - Initializing ExecutorService 'applicationTaskExecutor'
[INFO ] 2019-07-01 20:11:50 [main] o.s.b.a.e.web.EndpointLinksResolver [{EndpointLinksResolver.java} {59}] - Exposing 1 endpoint(s) beneath base path '/actuator'
[INFO ] 2019-07-01 20:11:50 [main] o.y.c.CustomerApplicationTests [{StartupInfoLogger.java} {59}] - Started CustomerApplicationTests in 12.136 seconds (JVM running for 12.973)
[INFO ] 2019-07-01 20:11:50 [Thread-5] o.s.c.n.eureka.InstanceInfoFactory [{InstanceInfoFactory.java} {72}] - Setting initial instance status as: STARTING
[INFO ] 2019-07-01 20:11:50 [Thread-5] o.s.c.n.e.s.EurekaServiceRegistry [{EurekaServiceRegistry.java} {65}] - Unregistering application CUSTOMER with eureka with status DOWN
[INFO ] 2019-07-01 20:11:50 [Thread-5] o.s.s.c.ThreadPoolTaskExecutor [{ExecutorConfigurationSupport.java} {208}] - Shutting down ExecutorService 'applicationTaskExecutor'
[INFO ] 2019-07-01 20:11:50 [AsyncReporter{org.springframework.cloud.sleuth.zipkin2.sender.RestTemplateSender@79273a4f}] c.n.c.sources.URLConfigurationSource [{URLConfigurationSource.java} {126}] - URLs to be used as dynamic configuration source: [file:/Users/yuzhilin/IdeaProjects/spring-cloud/customer/target/classes/config.properties]
[INFO ] 2019-07-01 20:11:50 [AsyncReporter{org.springframework.cloud.sleuth.zipkin2.sender.RestTemplateSender@79273a4f}] c.n.config.DynamicPropertyFactory [{DynamicPropertyFactory.java} {281}] - DynamicPropertyFactory is initialized with configuration sources: com.netflix.config.ConcurrentCompositeConfiguration@7841083a
