[INFO ] 2019-09-04 14:13:13 [main] o.s.c.s.PostProcessorRegistrationDelegate$BeanPostProcessorChecker [{PostProcessorRegistrationDelegate.java} {330}] - Bean 'org.springframework.cloud.autoconfigure.ConfigurationPropertiesRebinderAutoConfiguration' of type [org.springframework.cloud.autoconfigure.ConfigurationPropertiesRebinderAutoConfiguration$$EnhancerBySpringCGLIB$$4323a488] is not eligible for getting processed by all BeanPostProcessors (for example: not eligible for auto-proxying)
[INFO ] 2019-09-04 14:13:14 [main] org.yugh.product.ProductApplication [{SpringApplication.java} {679}] - The following profiles are active: dev
[INFO ] 2019-09-04 14:13:14 [main] o.s.d.r.c.RepositoryConfigurationDelegate [{RepositoryConfigurationDelegate.java} {244}] - Multiple Spring Data modules found, entering strict repository configuration mode!
[INFO ] 2019-09-04 14:13:14 [main] o.s.d.r.c.RepositoryConfigurationDelegate [{RepositoryConfigurationDelegate.java} {126}] - Bootstrapping Spring Data repositories in DEFAULT mode.
[INFO ] 2019-09-04 14:13:14 [main] o.s.d.r.c.RepositoryConfigurationDelegate [{RepositoryConfigurationDelegate.java} {182}] - Finished Spring Data repository scanning in 16ms. Found 0 repository interfaces.
[INFO ] 2019-09-04 14:13:14 [main] o.s.cloud.context.scope.GenericScope [{GenericScope.java} {295}] - BeanFactory id=28c14875-7725-3b4d-aab5-b24607a1732b
[INFO ] 2019-09-04 14:13:14 [main] o.s.c.s.PostProcessorRegistrationDelegate$BeanPostProcessorChecker [{PostProcessorRegistrationDelegate.java} {330}] - Bean 'org.yugh.product.service.IndexService' of type [org.springframework.cloud.openfeign.FeignClientFactoryBean] is not eligible for getting processed by all BeanPostProcessors (for example: not eligible for auto-proxying)
[INFO ] 2019-09-04 14:13:14 [main] o.s.c.s.PostProcessorRegistrationDelegate$BeanPostProcessorChecker [{PostProcessorRegistrationDelegate.java} {330}] - Bean 'org.springframework.cloud.autoconfigure.ConfigurationPropertiesRebinderAutoConfiguration' of type [org.springframework.cloud.autoconfigure.ConfigurationPropertiesRebinderAutoConfiguration$$EnhancerBySpringCGLIB$$4323a488] is not eligible for getting processed by all BeanPostProcessors (for example: not eligible for auto-proxying)
[INFO ] 2019-09-04 14:13:14 [main] o.s.b.w.e.tomcat.TomcatWebServer [{TomcatWebServer.java} {90}] - Tomcat initialized with port(s): 8704 (http)
[INFO ] 2019-09-04 14:13:14 [main] o.a.coyote.http11.Http11NioProtocol [{DirectJDKLog.java} {173}] - Initializing ProtocolHandler ["http-nio-8704"]
[INFO ] 2019-09-04 14:13:14 [main] o.a.catalina.core.StandardService [{DirectJDKLog.java} {173}] - Starting service [Tomcat]
[INFO ] 2019-09-04 14:13:14 [main] o.a.catalina.core.StandardEngine [{DirectJDKLog.java} {173}] - Starting Servlet engine: [Apache Tomcat/9.0.19]
[INFO ] 2019-09-04 14:13:14 [main] o.a.c.c.C.[Tomcat].[localhost].[/] [{DirectJDKLog.java} {173}] - Initializing Spring embedded WebApplicationContext
[INFO ] 2019-09-04 14:13:14 [main] o.s.web.context.ContextLoader [{ServletWebServerApplicationContext.java} {296}] - Root WebApplicationContext: initialization completed in 1573 ms
[INFO ] 2019-09-04 14:13:14 [main] c.n.c.sources.URLConfigurationSource [{URLConfigurationSource.java} {122}] - To enable URLs as dynamic configuration sources, define System property archaius.configurationSource.additionalUrls or make config.properties available on classpath.
[INFO ] 2019-09-04 14:13:14 [main] c.n.config.DynamicPropertyFactory [{DynamicPropertyFactory.java} {281}] - DynamicPropertyFactory is initialized with configuration sources: com.netflix.config.ConcurrentCompositeConfiguration@3a6045c6
[INFO ] 2019-09-04 14:13:14 [main] o.s.b.a.e.w.ServletEndpointRegistrar [{ServletEndpointRegistrar.java} {78}] - Registered '/actuator/hystrix.stream' to hystrix.stream-actuator-endpoint
[INFO ] 2019-09-04 14:13:14 [main] c.n.c.sources.URLConfigurationSource [{URLConfigurationSource.java} {122}] - To enable URLs as dynamic configuration sources, define System property archaius.configurationSource.additionalUrls or make config.properties available on classpath.
[INFO ] 2019-09-04 14:13:14 [main] o.s.s.c.ThreadPoolTaskExecutor [{ExecutorConfigurationSupport.java} {171}] - Initializing ExecutorService 'applicationTaskExecutor'
[INFO ] 2019-09-04 14:13:14 [main] o.s.b.a.e.web.EndpointLinksResolver [{EndpointLinksResolver.java} {59}] - Exposing 21 endpoint(s) beneath base path '/actuator'
[INFO ] 2019-09-04 14:13:14 [main] o.s.c.n.eureka.InstanceInfoFactory [{InstanceInfoFactory.java} {72}] - Setting initial instance status as: STARTING
[INFO ] 2019-09-04 14:13:14 [main] c.netflix.discovery.DiscoveryClient [{DiscoveryClient.java} {349}] - Initializing Eureka in region us-east-1
[INFO ] 2019-09-04 14:13:14 [main] c.n.d.p.DiscoveryJerseyProvider [{DiscoveryJerseyProvider.java} {70}] - Using JSON encoding codec LegacyJacksonJson
[INFO ] 2019-09-04 14:13:14 [main] c.n.d.p.DiscoveryJerseyProvider [{DiscoveryJerseyProvider.java} {71}] - Using JSON decoding codec LegacyJacksonJson
[INFO ] 2019-09-04 14:13:14 [main] c.n.d.p.DiscoveryJerseyProvider [{DiscoveryJerseyProvider.java} {80}] - Using XML encoding codec XStreamXml
[INFO ] 2019-09-04 14:13:14 [main] c.n.d.p.DiscoveryJerseyProvider [{DiscoveryJerseyProvider.java} {81}] - Using XML decoding codec XStreamXml
[INFO ] 2019-09-04 14:13:14 [main] c.n.d.s.r.aws.ConfigClusterResolver [{ConfigClusterResolver.java} {43}] - Resolving eureka endpoints via configuration
[INFO ] 2019-09-04 14:13:14 [main] c.netflix.discovery.DiscoveryClient [{DiscoveryClient.java} {958}] - Disable delta property : false
[INFO ] 2019-09-04 14:13:14 [main] c.netflix.discovery.DiscoveryClient [{DiscoveryClient.java} {959}] - Single vip registry refresh property : null
[INFO ] 2019-09-04 14:13:14 [main] c.netflix.discovery.DiscoveryClient [{DiscoveryClient.java} {960}] - Force full registry fetch : false
[INFO ] 2019-09-04 14:13:14 [main] c.netflix.discovery.DiscoveryClient [{DiscoveryClient.java} {961}] - Application is null : false
[INFO ] 2019-09-04 14:13:14 [main] c.netflix.discovery.DiscoveryClient [{DiscoveryClient.java} {962}] - Registered Applications size is zero : true
[INFO ] 2019-09-04 14:13:14 [main] c.netflix.discovery.DiscoveryClient [{DiscoveryClient.java} {964}] - Application version is -1: true
[INFO ] 2019-09-04 14:13:14 [main] c.netflix.discovery.DiscoveryClient [{DiscoveryClient.java} {1047}] - Getting all instance registry info from the eureka server
[INFO ] 2019-09-04 14:13:14 [main] c.netflix.discovery.DiscoveryClient [{DiscoveryClient.java} {1056}] - The response status is 200
[INFO ] 2019-09-04 14:13:14 [main] c.netflix.discovery.DiscoveryClient [{DiscoveryClient.java} {1270}] - Starting heartbeat executor: renew interval is: 30
[INFO ] 2019-09-04 14:13:14 [main] c.n.discovery.InstanceInfoReplicator [{InstanceInfoReplicator.java} {60}] - InstanceInfoReplicator onDemand update allowed rate per min is 4
[INFO ] 2019-09-04 14:13:14 [main] c.netflix.discovery.DiscoveryClient [{DiscoveryClient.java} {449}] - Discovery Client initialized at timestamp 1567577598945 with initial instances count: 2
[INFO ] 2019-09-04 14:13:14 [main] o.s.c.n.e.s.EurekaServiceRegistry [{EurekaServiceRegistry.java} {41}] - Registering application PRODUCT with eureka with status UP
[INFO ] 2019-09-04 14:13:14 [main] c.netflix.discovery.DiscoveryClient [{DiscoveryClient.java} {1305}] - Saw local status change event StatusChangeEvent [timestamp=1567577598954, current=UP, previous=STARTING]
[INFO ] 2019-09-04 14:13:14 [DiscoveryClient-InstanceInfoReplicator-0] c.netflix.discovery.DiscoveryClient [{DiscoveryClient.java} {826}] - DiscoveryClient_PRODUCT/10.45.53.191:product:8704: registering service...
[INFO ] 2019-09-04 14:13:14 [main] o.a.coyote.http11.Http11NioProtocol [{DirectJDKLog.java} {173}] - Starting ProtocolHandler ["http-nio-8704"]
[INFO ] 2019-09-04 14:13:14 [DiscoveryClient-InstanceInfoReplicator-0] c.netflix.discovery.DiscoveryClient [{DiscoveryClient.java} {835}] - DiscoveryClient_PRODUCT/10.45.53.191:product:8704 - registration status: 204
[INFO ] 2019-09-04 14:13:14 [main] o.s.b.w.e.tomcat.TomcatWebServer [{TomcatWebServer.java} {204}] - Tomcat started on port(s): 8704 (http) with context path ''
[INFO ] 2019-09-04 14:13:14 [main] o.s.c.n.e.s.EurekaAutoServiceRegistration [{EurekaAutoServiceRegistration.java} {143}] - Updating port to 8704
[INFO ] 2019-09-04 14:13:14 [main] org.yugh.product.ProductApplication [{StartupInfoLogger.java} {59}] - Started ProductApplication in 5.863 seconds (JVM running for 7.021)
[INFO ] 2019-09-04 14:13:14 [RMI TCP Connection(4)-10.45.53.191] o.a.c.c.C.[Tomcat].[localhost].[/] [{DirectJDKLog.java} {173}] - Initializing Spring DispatcherServlet 'dispatcherServlet'
[INFO ] 2019-09-04 14:13:14 [RMI TCP Connection(4)-10.45.53.191] o.s.web.servlet.DispatcherServlet [{FrameworkServlet.java} {524}] - Initializing Servlet 'dispatcherServlet'
[INFO ] 2019-09-04 14:13:14 [RMI TCP Connection(4)-10.45.53.191] o.s.web.servlet.DispatcherServlet [{FrameworkServlet.java} {546}] - Completed initialization in 13 ms
[INFO ] 2019-09-04 14:13:14 [parallel-1] io.lettuce.core.EpollProvider [{EpollProvider.java} {68}] - Starting without optional epoll library
[INFO ] 2019-09-04 14:13:14 [parallel-1] io.lettuce.core.KqueueProvider [{KqueueProvider.java} {70}] - Starting without optional kqueue library
[INFO ] 2019-09-04 14:13:14 [Thread-19] o.s.c.n.e.s.EurekaServiceRegistry [{EurekaServiceRegistry.java} {65}] - Unregistering application PRODUCT with eureka with status DOWN
[INFO ] 2019-09-04 14:13:14 [DiscoveryClient-InstanceInfoReplicator-0] c.netflix.discovery.DiscoveryClient [{DiscoveryClient.java} {826}] - DiscoveryClient_PRODUCT/10.45.53.191:product:8704: registering service...
[INFO ] 2019-09-04 14:13:14 [Thread-19] o.s.s.c.ThreadPoolTaskExecutor [{ExecutorConfigurationSupport.java} {208}] - Shutting down ExecutorService 'applicationTaskExecutor'
[INFO ] 2019-09-04 14:13:14 [Thread-19] c.netflix.discovery.DiscoveryClient [{DiscoveryClient.java} {888}] - Shutting down DiscoveryClient ...
