[INFO ] 2019-07-01 11:41:16 [main] o.s.c.s.PostProcessorRegistrationDelegate$BeanPostProcessorChecker [{PostProcessorRegistrationDelegate.java} {330}] - Bean 'org.springframework.cloud.autoconfigure.ConfigurationPropertiesRebinderAutoConfiguration' of type [org.springframework.cloud.autoconfigure.ConfigurationPropertiesRebinderAutoConfiguration$$EnhancerBySpringCGLIB$$9c58f018] is not eligible for getting processed by all BeanPostProcessors (for example: not eligible for auto-proxying)
[INFO ] 2019-07-01 11:41:17 [main] org.yugh.config.ConfigApplication [{SpringApplication.java} {679}] - The following profiles are active: dev
[INFO ] 2019-07-01 11:41:17 [main] o.s.cloud.context.scope.GenericScope [{GenericScope.java} {295}] - BeanFactory id=ffe4f4cc-08ba-37d9-b311-4ca0661926b5
[INFO ] 2019-07-01 11:41:17 [main] o.s.c.s.PostProcessorRegistrationDelegate$BeanPostProcessorChecker [{PostProcessorRegistrationDelegate.java} {330}] - Bean 'org.springframework.cloud.autoconfigure.ConfigurationPropertiesRebinderAutoConfiguration' of type [org.springframework.cloud.autoconfigure.ConfigurationPropertiesRebinderAutoConfiguration$$EnhancerBySpringCGLIB$$9c58f018] is not eligible for getting processed by all BeanPostProcessors (for example: not eligible for auto-proxying)
[INFO ] 2019-07-01 11:41:17 [main] o.s.b.w.e.tomcat.TomcatWebServer [{TomcatWebServer.java} {90}] - Tomcat initialized with port(s): 8701 (http)
[INFO ] 2019-07-01 11:41:17 [main] o.a.coyote.http11.Http11NioProtocol [{DirectJDKLog.java} {173}] - Initializing ProtocolHandler ["http-nio-8701"]
[INFO ] 2019-07-01 11:41:17 [main] o.a.catalina.core.StandardService [{DirectJDKLog.java} {173}] - Starting service [Tomcat]
[INFO ] 2019-07-01 11:41:17 [main] o.a.catalina.core.StandardEngine [{DirectJDKLog.java} {173}] - Starting Servlet engine: [Apache Tomcat/9.0.19]
[INFO ] 2019-07-01 11:41:17 [main] o.a.c.c.C.[Tomcat].[localhost].[/] [{DirectJDKLog.java} {173}] - Initializing Spring embedded WebApplicationContext
[INFO ] 2019-07-01 11:41:17 [main] o.s.web.context.ContextLoader [{ServletWebServerApplicationContext.java} {296}] - Root WebApplicationContext: initialization completed in 1112 ms
[INFO ] 2019-07-01 11:41:17 [main] c.n.c.sources.URLConfigurationSource [{URLConfigurationSource.java} {126}] - URLs to be used as dynamic configuration source: [file:/Users/yuzhilin/IdeaProjects/spring-cloud/config/target/classes/config.properties]
[INFO ] 2019-07-01 11:41:17 [main] c.n.config.DynamicPropertyFactory [{DynamicPropertyFactory.java} {281}] - DynamicPropertyFactory is initialized with configuration sources: com.netflix.config.ConcurrentCompositeConfiguration@53311681
[INFO ] 2019-07-01 11:41:17 [main] c.n.c.sources.URLConfigurationSource [{URLConfigurationSource.java} {126}] - URLs to be used as dynamic configuration source: [file:/Users/yuzhilin/IdeaProjects/spring-cloud/config/target/classes/config.properties]
[INFO ] 2019-07-01 11:41:17 [main] o.s.s.c.ThreadPoolTaskExecutor [{ExecutorConfigurationSupport.java} {171}] - Initializing ExecutorService 'applicationTaskExecutor'
[INFO ] 2019-07-01 11:41:17 [main] o.s.b.a.e.web.EndpointLinksResolver [{EndpointLinksResolver.java} {59}] - Exposing 2 endpoint(s) beneath base path '/actuator'
[INFO ] 2019-07-01 11:41:17 [main] o.s.c.n.eureka.InstanceInfoFactory [{InstanceInfoFactory.java} {72}] - Setting initial instance status as: STARTING
[INFO ] 2019-07-01 11:41:17 [main] c.netflix.discovery.DiscoveryClient [{DiscoveryClient.java} {349}] - Initializing Eureka in region us-east-1
[INFO ] 2019-07-01 11:41:17 [main] c.n.d.p.DiscoveryJerseyProvider [{DiscoveryJerseyProvider.java} {70}] - Using JSON encoding codec LegacyJacksonJson
[INFO ] 2019-07-01 11:41:17 [main] c.n.d.p.DiscoveryJerseyProvider [{DiscoveryJerseyProvider.java} {71}] - Using JSON decoding codec LegacyJacksonJson
[INFO ] 2019-07-01 11:41:17 [main] c.n.d.p.DiscoveryJerseyProvider [{DiscoveryJerseyProvider.java} {80}] - Using XML encoding codec XStreamXml
[INFO ] 2019-07-01 11:41:17 [main] c.n.d.p.DiscoveryJerseyProvider [{DiscoveryJerseyProvider.java} {81}] - Using XML decoding codec XStreamXml
[INFO ] 2019-07-01 11:41:17 [main] c.n.d.s.r.aws.ConfigClusterResolver [{ConfigClusterResolver.java} {43}] - Resolving eureka endpoints via configuration
[INFO ] 2019-07-01 11:41:17 [main] c.netflix.discovery.DiscoveryClient [{DiscoveryClient.java} {958}] - Disable delta property : false
[INFO ] 2019-07-01 11:41:17 [main] c.netflix.discovery.DiscoveryClient [{DiscoveryClient.java} {959}] - Single vip registry refresh property : null
[INFO ] 2019-07-01 11:41:17 [main] c.netflix.discovery.DiscoveryClient [{DiscoveryClient.java} {960}] - Force full registry fetch : false
[INFO ] 2019-07-01 11:41:17 [main] c.netflix.discovery.DiscoveryClient [{DiscoveryClient.java} {961}] - Application is null : false
[INFO ] 2019-07-01 11:41:17 [main] c.netflix.discovery.DiscoveryClient [{DiscoveryClient.java} {962}] - Registered Applications size is zero : true
[INFO ] 2019-07-01 11:41:17 [main] c.netflix.discovery.DiscoveryClient [{DiscoveryClient.java} {964}] - Application version is -1: true
[INFO ] 2019-07-01 11:41:17 [main] c.netflix.discovery.DiscoveryClient [{DiscoveryClient.java} {1047}] - Getting all instance registry info from the eureka server
[INFO ] 2019-07-01 11:41:17 [main] c.netflix.discovery.DiscoveryClient [{DiscoveryClient.java} {1056}] - The response status is 200
[INFO ] 2019-07-01 11:41:17 [main] c.netflix.discovery.DiscoveryClient [{DiscoveryClient.java} {1270}] - Starting heartbeat executor: renew interval is: 5
[INFO ] 2019-07-01 11:41:17 [main] c.n.discovery.InstanceInfoReplicator [{InstanceInfoReplicator.java} {60}] - InstanceInfoReplicator onDemand update allowed rate per min is 4
[INFO ] 2019-07-01 11:41:17 [main] c.netflix.discovery.DiscoveryClient [{DiscoveryClient.java} {449}] - Discovery Client initialized at timestamp 1561952480508 with initial instances count: 0
[INFO ] 2019-07-01 11:41:17 [main] o.s.c.n.e.s.EurekaServiceRegistry [{EurekaServiceRegistry.java} {41}] - Registering application CONFIG with eureka with status UP
[INFO ] 2019-07-01 11:41:17 [main] c.netflix.discovery.DiscoveryClient [{DiscoveryClient.java} {1305}] - Saw local status change event StatusChangeEvent [timestamp=1561952480511, current=UP, previous=STARTING]
[INFO ] 2019-07-01 11:41:17 [DiscoveryClient-InstanceInfoReplicator-0] c.netflix.discovery.DiscoveryClient [{DiscoveryClient.java} {826}] - DiscoveryClient_CONFIG/10.112.203.43:config:8701: registering service...
[INFO ] 2019-07-01 11:41:17 [main] o.a.coyote.http11.Http11NioProtocol [{DirectJDKLog.java} {173}] - Starting ProtocolHandler ["http-nio-8701"]
[INFO ] 2019-07-01 11:41:17 [main] o.s.b.w.e.tomcat.TomcatWebServer [{TomcatWebServer.java} {204}] - Tomcat started on port(s): 8701 (http) with context path ''
[INFO ] 2019-07-01 11:41:17 [main] o.s.c.n.e.s.EurekaAutoServiceRegistration [{EurekaAutoServiceRegistration.java} {143}] - Updating port to 8701
[INFO ] 2019-07-01 11:41:17 [main] org.yugh.config.ConfigApplication [{StartupInfoLogger.java} {59}] - Started ConfigApplication in 3.906 seconds (JVM running for 9.688)
[INFO ] 2019-07-01 11:41:17 [DiscoveryClient-InstanceInfoReplicator-0] c.netflix.discovery.DiscoveryClient [{DiscoveryClient.java} {835}] - DiscoveryClient_CONFIG/10.112.203.43:config:8701 - registration status: 204
[INFO ] 2019-07-01 11:41:17 [DiscoveryClient-CacheRefreshExecutor-0] c.netflix.discovery.DiscoveryClient [{DiscoveryClient.java} {958}] - Disable delta property : false
[INFO ] 2019-07-01 11:41:17 [DiscoveryClient-CacheRefreshExecutor-0] c.netflix.discovery.DiscoveryClient [{DiscoveryClient.java} {959}] - Single vip registry refresh property : null
[INFO ] 2019-07-01 11:41:17 [DiscoveryClient-CacheRefreshExecutor-0] c.netflix.discovery.DiscoveryClient [{DiscoveryClient.java} {960}] - Force full registry fetch : false
[INFO ] 2019-07-01 11:41:17 [DiscoveryClient-CacheRefreshExecutor-0] c.netflix.discovery.DiscoveryClient [{DiscoveryClient.java} {961}] - Application is null : false
[INFO ] 2019-07-01 11:41:17 [DiscoveryClient-CacheRefreshExecutor-0] c.netflix.discovery.DiscoveryClient [{DiscoveryClient.java} {962}] - Registered Applications size is zero : true
[INFO ] 2019-07-01 11:41:17 [DiscoveryClient-CacheRefreshExecutor-0] c.netflix.discovery.DiscoveryClient [{DiscoveryClient.java} {964}] - Application version is -1: false
[INFO ] 2019-07-01 11:41:17 [DiscoveryClient-CacheRefreshExecutor-0] c.netflix.discovery.DiscoveryClient [{DiscoveryClient.java} {1047}] - Getting all instance registry info from the eureka server
[INFO ] 2019-07-01 11:41:17 [DiscoveryClient-CacheRefreshExecutor-0] c.netflix.discovery.DiscoveryClient [{DiscoveryClient.java} {1056}] - The response status is 200
[INFO ] 2019-07-01 11:41:17 [http-nio-8701-exec-1] o.a.c.c.C.[Tomcat].[localhost].[/] [{DirectJDKLog.java} {173}] - Initializing Spring DispatcherServlet 'dispatcherServlet'
[INFO ] 2019-07-01 11:41:17 [http-nio-8701-exec-1] o.s.web.servlet.DispatcherServlet [{FrameworkServlet.java} {524}] - Initializing Servlet 'dispatcherServlet'
[INFO ] 2019-07-01 11:41:17 [http-nio-8701-exec-1] o.s.web.servlet.DispatcherServlet [{FrameworkServlet.java} {546}] - Completed initialization in 8 ms
[INFO ] 2019-07-01 11:41:17 [Thread-7] o.s.c.n.e.s.EurekaServiceRegistry [{EurekaServiceRegistry.java} {65}] - Unregistering application CONFIG with eureka with status DOWN
[INFO ] 2019-07-01 11:41:17 [DiscoveryClient-InstanceInfoReplicator-0] c.netflix.discovery.DiscoveryClient [{DiscoveryClient.java} {826}] - DiscoveryClient_CONFIG/10.112.203.43:config:8701: registering service...
[INFO ] 2019-07-01 11:41:17 [Thread-7] o.s.s.c.ThreadPoolTaskExecutor [{ExecutorConfigurationSupport.java} {208}] - Shutting down ExecutorService 'applicationTaskExecutor'
[INFO ] 2019-07-01 11:41:17 [Thread-7] c.netflix.discovery.DiscoveryClient [{DiscoveryClient.java} {888}] - Shutting down DiscoveryClient ...
[INFO ] 2019-07-01 11:41:17 [Thread-7] c.netflix.discovery.DiscoveryClient [{DiscoveryClient.java} {922}] - Unregistering ...
[INFO ] 2019-07-01 11:41:17 [Thread-7] c.netflix.discovery.DiscoveryClient [{DiscoveryClient.java} {911}] - Completed shut down of DiscoveryClient
[INFO ] 2019-07-01 12:19:36 [main] o.s.c.s.PostProcessorRegistrationDelegate$BeanPostProcessorChecker [{PostProcessorRegistrationDelegate.java} {330}] - Bean 'org.springframework.cloud.autoconfigure.ConfigurationPropertiesRebinderAutoConfiguration' of type [org.springframework.cloud.autoconfigure.ConfigurationPropertiesRebinderAutoConfiguration$$EnhancerBySpringCGLIB$$c2db5b89] is not eligible for getting processed by all BeanPostProcessors (for example: not eligible for auto-proxying)
[INFO ] 2019-07-01 12:19:36 [main] org.yugh.config.ConfigApplication [{SpringApplication.java} {679}] - The following profiles are active: dev
[INFO ] 2019-07-01 12:19:36 [main] o.s.cloud.context.scope.GenericScope [{GenericScope.java} {295}] - BeanFactory id=ffe4f4cc-08ba-37d9-b311-4ca0661926b5
[INFO ] 2019-07-01 12:19:36 [main] o.s.c.s.PostProcessorRegistrationDelegate$BeanPostProcessorChecker [{PostProcessorRegistrationDelegate.java} {330}] - Bean 'org.springframework.cloud.autoconfigure.ConfigurationPropertiesRebinderAutoConfiguration' of type [org.springframework.cloud.autoconfigure.ConfigurationPropertiesRebinderAutoConfiguration$$EnhancerBySpringCGLIB$$c2db5b89] is not eligible for getting processed by all BeanPostProcessors (for example: not eligible for auto-proxying)
[INFO ] 2019-07-01 12:19:36 [main] o.s.b.w.e.tomcat.TomcatWebServer [{TomcatWebServer.java} {90}] - Tomcat initialized with port(s): 8701 (http)
[INFO ] 2019-07-01 12:19:36 [main] o.a.coyote.http11.Http11NioProtocol [{DirectJDKLog.java} {173}] - Initializing ProtocolHandler ["http-nio-8701"]
[INFO ] 2019-07-01 12:19:36 [main] o.a.catalina.core.StandardService [{DirectJDKLog.java} {173}] - Starting service [Tomcat]
[INFO ] 2019-07-01 12:19:36 [main] o.a.catalina.core.StandardEngine [{DirectJDKLog.java} {173}] - Starting Servlet engine: [Apache Tomcat/9.0.19]
[INFO ] 2019-07-01 12:19:36 [main] o.a.c.c.C.[Tomcat].[localhost].[/] [{DirectJDKLog.java} {173}] - Initializing Spring embedded WebApplicationContext
[INFO ] 2019-07-01 12:19:36 [main] o.s.web.context.ContextLoader [{ServletWebServerApplicationContext.java} {296}] - Root WebApplicationContext: initialization completed in 1136 ms
[INFO ] 2019-07-01 12:19:36 [main] c.n.c.sources.URLConfigurationSource [{URLConfigurationSource.java} {126}] - URLs to be used as dynamic configuration source: [file:/Users/yuzhilin/IdeaProjects/spring-cloud/config/target/classes/config.properties]
[INFO ] 2019-07-01 12:19:36 [main] c.n.config.DynamicPropertyFactory [{DynamicPropertyFactory.java} {281}] - DynamicPropertyFactory is initialized with configuration sources: com.netflix.config.ConcurrentCompositeConfiguration@512d6e60
[INFO ] 2019-07-01 12:19:36 [main] c.n.c.sources.URLConfigurationSource [{URLConfigurationSource.java} {126}] - URLs to be used as dynamic configuration source: [file:/Users/yuzhilin/IdeaProjects/spring-cloud/config/target/classes/config.properties]
[INFO ] 2019-07-01 12:19:36 [main] o.s.s.c.ThreadPoolTaskExecutor [{ExecutorConfigurationSupport.java} {171}] - Initializing ExecutorService 'applicationTaskExecutor'
[INFO ] 2019-07-01 12:19:36 [main] o.s.b.a.e.web.EndpointLinksResolver [{EndpointLinksResolver.java} {59}] - Exposing 2 endpoint(s) beneath base path '/actuator'
[INFO ] 2019-07-01 12:19:36 [main] o.s.c.n.eureka.InstanceInfoFactory [{InstanceInfoFactory.java} {72}] - Setting initial instance status as: STARTING
[INFO ] 2019-07-01 12:19:36 [main] c.netflix.discovery.DiscoveryClient [{DiscoveryClient.java} {349}] - Initializing Eureka in region us-east-1
[INFO ] 2019-07-01 12:19:36 [main] c.n.d.p.DiscoveryJerseyProvider [{DiscoveryJerseyProvider.java} {70}] - Using JSON encoding codec LegacyJacksonJson
[INFO ] 2019-07-01 12:19:36 [main] c.n.d.p.DiscoveryJerseyProvider [{DiscoveryJerseyProvider.java} {71}] - Using JSON decoding codec LegacyJacksonJson
[INFO ] 2019-07-01 12:19:36 [main] c.n.d.p.DiscoveryJerseyProvider [{DiscoveryJerseyProvider.java} {80}] - Using XML encoding codec XStreamXml
[INFO ] 2019-07-01 12:19:36 [main] c.n.d.p.DiscoveryJerseyProvider [{DiscoveryJerseyProvider.java} {81}] - Using XML decoding codec XStreamXml
[INFO ] 2019-07-01 12:19:36 [main] c.n.d.s.r.aws.ConfigClusterResolver [{ConfigClusterResolver.java} {43}] - Resolving eureka endpoints via configuration
[INFO ] 2019-07-01 12:19:36 [main] c.netflix.discovery.DiscoveryClient [{DiscoveryClient.java} {958}] - Disable delta property : false
[INFO ] 2019-07-01 12:19:36 [main] c.netflix.discovery.DiscoveryClient [{DiscoveryClient.java} {959}] - Single vip registry refresh property : null
[INFO ] 2019-07-01 12:19:36 [main] c.netflix.discovery.DiscoveryClient [{DiscoveryClient.java} {960}] - Force full registry fetch : false
[INFO ] 2019-07-01 12:19:36 [main] c.netflix.discovery.DiscoveryClient [{DiscoveryClient.java} {961}] - Application is null : false
[INFO ] 2019-07-01 12:19:36 [main] c.netflix.discovery.DiscoveryClient [{DiscoveryClient.java} {962}] - Registered Applications size is zero : true
[INFO ] 2019-07-01 12:19:36 [main] c.netflix.discovery.DiscoveryClient [{DiscoveryClient.java} {964}] - Application version is -1: true
[INFO ] 2019-07-01 12:19:36 [main] c.netflix.discovery.DiscoveryClient [{DiscoveryClient.java} {1047}] - Getting all instance registry info from the eureka server
[INFO ] 2019-07-01 12:19:36 [main] c.netflix.discovery.DiscoveryClient [{DiscoveryClient.java} {1056}] - The response status is 200
[INFO ] 2019-07-01 12:19:36 [main] c.netflix.discovery.DiscoveryClient [{DiscoveryClient.java} {1270}] - Starting heartbeat executor: renew interval is: 5
[INFO ] 2019-07-01 12:19:36 [main] c.n.discovery.InstanceInfoReplicator [{InstanceInfoReplicator.java} {60}] - InstanceInfoReplicator onDemand update allowed rate per min is 4
[INFO ] 2019-07-01 12:19:36 [main] c.netflix.discovery.DiscoveryClient [{DiscoveryClient.java} {449}] - Discovery Client initialized at timestamp 1561954779723 with initial instances count: 1
[INFO ] 2019-07-01 12:19:36 [main] o.s.c.n.e.s.EurekaServiceRegistry [{EurekaServiceRegistry.java} {41}] - Registering application CONFIG with eureka with status UP
[INFO ] 2019-07-01 12:19:36 [main] c.netflix.discovery.DiscoveryClient [{DiscoveryClient.java} {1305}] - Saw local status change event StatusChangeEvent [timestamp=1561954779726, current=UP, previous=STARTING]
[INFO ] 2019-07-01 12:19:36 [DiscoveryClient-InstanceInfoReplicator-0] c.netflix.discovery.DiscoveryClient [{DiscoveryClient.java} {826}] - DiscoveryClient_CONFIG/10.112.203.43:config:8701: registering service...
[INFO ] 2019-07-01 12:19:36 [main] o.a.coyote.http11.Http11NioProtocol [{DirectJDKLog.java} {173}] - Starting ProtocolHandler ["http-nio-8701"]
[INFO ] 2019-07-01 12:19:36 [DiscoveryClient-InstanceInfoReplicator-0] c.netflix.discovery.DiscoveryClient [{DiscoveryClient.java} {835}] - DiscoveryClient_CONFIG/10.112.203.43:config:8701 - registration status: 204
[INFO ] 2019-07-01 12:19:36 [main] o.s.b.w.e.tomcat.TomcatWebServer [{TomcatWebServer.java} {204}] - Tomcat started on port(s): 8701 (http) with context path ''
[INFO ] 2019-07-01 12:19:36 [main] o.s.c.n.e.s.EurekaAutoServiceRegistration [{EurekaAutoServiceRegistration.java} {143}] - Updating port to 8701
[INFO ] 2019-07-01 12:19:36 [main] org.yugh.config.ConfigApplication [{StartupInfoLogger.java} {59}] - Started ConfigApplication in 3.984 seconds (JVM running for 9.564)
[INFO ] 2019-07-01 12:19:36 [http-nio-8701-exec-1] o.a.c.c.C.[Tomcat].[localhost].[/] [{DirectJDKLog.java} {173}] - Initializing Spring DispatcherServlet 'dispatcherServlet'
[INFO ] 2019-07-01 12:19:36 [http-nio-8701-exec-1] o.s.web.servlet.DispatcherServlet [{FrameworkServlet.java} {524}] - Initializing Servlet 'dispatcherServlet'
[INFO ] 2019-07-01 12:19:36 [http-nio-8701-exec-1] o.s.web.servlet.DispatcherServlet [{FrameworkServlet.java} {546}] - Completed initialization in 8 ms
[INFO ] 2019-07-01 12:19:36 [Thread-7] o.s.c.n.e.s.EurekaServiceRegistry [{EurekaServiceRegistry.java} {65}] - Unregistering application CONFIG with eureka with status DOWN
[INFO ] 2019-07-01 12:19:36 [DiscoveryClient-InstanceInfoReplicator-0] c.netflix.discovery.DiscoveryClient [{DiscoveryClient.java} {826}] - DiscoveryClient_CONFIG/10.112.203.43:config:8701: registering service...
[INFO ] 2019-07-01 12:19:36 [Thread-7] o.s.s.c.ThreadPoolTaskExecutor [{ExecutorConfigurationSupport.java} {208}] - Shutting down ExecutorService 'applicationTaskExecutor'
[INFO ] 2019-07-01 12:19:36 [Thread-7] c.netflix.discovery.DiscoveryClient [{DiscoveryClient.java} {888}] - Shutting down DiscoveryClient ...
[INFO ] 2019-07-01 12:19:36 [Thread-7] c.netflix.discovery.DiscoveryClient [{DiscoveryClient.java} {922}] - Unregistering ...
[INFO ] 2019-07-01 12:19:36 [Thread-7] c.netflix.discovery.DiscoveryClient [{DiscoveryClient.java} {911}] - Completed shut down of DiscoveryClient
[INFO ] 2019-07-01 14:32:59 [main] o.s.c.s.PostProcessorRegistrationDelegate$BeanPostProcessorChecker [{PostProcessorRegistrationDelegate.java} {330}] - Bean 'org.springframework.cloud.autoconfigure.ConfigurationPropertiesRebinderAutoConfiguration' of type [org.springframework.cloud.autoconfigure.ConfigurationPropertiesRebinderAutoConfiguration$$EnhancerBySpringCGLIB$$3ef88ac7] is not eligible for getting processed by all BeanPostProcessors (for example: not eligible for auto-proxying)
[INFO ] 2019-07-01 14:33:10 [main] org.yugh.config.ConfigApplication [{SpringApplication.java} {679}] - The following profiles are active: dev
[INFO ] 2019-07-01 14:33:10 [main] o.s.cloud.context.scope.GenericScope [{GenericScope.java} {295}] - BeanFactory id=ffe4f4cc-08ba-37d9-b311-4ca0661926b5
[INFO ] 2019-07-01 14:33:10 [main] o.s.c.s.PostProcessorRegistrationDelegate$BeanPostProcessorChecker [{PostProcessorRegistrationDelegate.java} {330}] - Bean 'org.springframework.cloud.autoconfigure.ConfigurationPropertiesRebinderAutoConfiguration' of type [org.springframework.cloud.autoconfigure.ConfigurationPropertiesRebinderAutoConfiguration$$EnhancerBySpringCGLIB$$3ef88ac7] is not eligible for getting processed by all BeanPostProcessors (for example: not eligible for auto-proxying)
[INFO ] 2019-07-01 14:33:10 [main] o.s.b.w.e.tomcat.TomcatWebServer [{TomcatWebServer.java} {90}] - Tomcat initialized with port(s): 8701 (http)
[INFO ] 2019-07-01 14:33:10 [main] o.a.coyote.http11.Http11NioProtocol [{DirectJDKLog.java} {173}] - Initializing ProtocolHandler ["http-nio-8701"]
[INFO ] 2019-07-01 14:33:10 [main] o.a.catalina.core.StandardService [{DirectJDKLog.java} {173}] - Starting service [Tomcat]
[INFO ] 2019-07-01 14:33:10 [main] o.a.catalina.core.StandardEngine [{DirectJDKLog.java} {173}] - Starting Servlet engine: [Apache Tomcat/9.0.19]
[INFO ] 2019-07-01 14:33:10 [main] o.a.c.c.C.[Tomcat].[localhost].[/] [{DirectJDKLog.java} {173}] - Initializing Spring embedded WebApplicationContext
[INFO ] 2019-07-01 14:33:10 [main] o.s.web.context.ContextLoader [{ServletWebServerApplicationContext.java} {296}] - Root WebApplicationContext: initialization completed in 1177 ms
[INFO ] 2019-07-01 14:33:10 [main] c.n.c.sources.URLConfigurationSource [{URLConfigurationSource.java} {126}] - URLs to be used as dynamic configuration source: [file:/Users/yuzhilin/IdeaProjects/spring-cloud/config/target/classes/config.properties]
[INFO ] 2019-07-01 14:33:10 [main] c.n.config.DynamicPropertyFactory [{DynamicPropertyFactory.java} {281}] - DynamicPropertyFactory is initialized with configuration sources: com.netflix.config.ConcurrentCompositeConfiguration@60e9c3a5
[INFO ] 2019-07-01 14:33:10 [main] c.n.c.sources.URLConfigurationSource [{URLConfigurationSource.java} {126}] - URLs to be used as dynamic configuration source: [file:/Users/yuzhilin/IdeaProjects/spring-cloud/config/target/classes/config.properties]
[INFO ] 2019-07-01 14:33:10 [main] o.s.s.c.ThreadPoolTaskExecutor [{ExecutorConfigurationSupport.java} {171}] - Initializing ExecutorService 'applicationTaskExecutor'
[INFO ] 2019-07-01 14:33:10 [main] o.s.b.a.e.web.EndpointLinksResolver [{EndpointLinksResolver.java} {59}] - Exposing 2 endpoint(s) beneath base path '/actuator'
[INFO ] 2019-07-01 14:33:10 [main] o.s.c.n.eureka.InstanceInfoFactory [{InstanceInfoFactory.java} {72}] - Setting initial instance status as: STARTING
[INFO ] 2019-07-01 14:33:10 [main] c.netflix.discovery.DiscoveryClient [{DiscoveryClient.java} {349}] - Initializing Eureka in region us-east-1
[INFO ] 2019-07-01 14:33:10 [main] c.n.d.p.DiscoveryJerseyProvider [{DiscoveryJerseyProvider.java} {70}] - Using JSON encoding codec LegacyJacksonJson
[INFO ] 2019-07-01 14:33:10 [main] c.n.d.p.DiscoveryJerseyProvider [{DiscoveryJerseyProvider.java} {71}] - Using JSON decoding codec LegacyJacksonJson
[INFO ] 2019-07-01 14:33:10 [main] c.n.d.p.DiscoveryJerseyProvider [{DiscoveryJerseyProvider.java} {80}] - Using XML encoding codec XStreamXml
[INFO ] 2019-07-01 14:33:10 [main] c.n.d.p.DiscoveryJerseyProvider [{DiscoveryJerseyProvider.java} {81}] - Using XML decoding codec XStreamXml
[INFO ] 2019-07-01 14:33:10 [main] c.n.d.s.r.aws.ConfigClusterResolver [{ConfigClusterResolver.java} {43}] - Resolving eureka endpoints via configuration
[INFO ] 2019-07-01 14:33:10 [main] c.netflix.discovery.DiscoveryClient [{DiscoveryClient.java} {958}] - Disable delta property : false
[INFO ] 2019-07-01 14:33:10 [main] c.netflix.discovery.DiscoveryClient [{DiscoveryClient.java} {959}] - Single vip registry refresh property : null
[INFO ] 2019-07-01 14:33:10 [main] c.netflix.discovery.DiscoveryClient [{DiscoveryClient.java} {960}] - Force full registry fetch : false
[INFO ] 2019-07-01 14:33:10 [main] c.netflix.discovery.DiscoveryClient [{DiscoveryClient.java} {961}] - Application is null : false
[INFO ] 2019-07-01 14:33:10 [main] c.netflix.discovery.DiscoveryClient [{DiscoveryClient.java} {962}] - Registered Applications size is zero : true
[INFO ] 2019-07-01 14:33:10 [main] c.netflix.discovery.DiscoveryClient [{DiscoveryClient.java} {964}] - Application version is -1: true
[INFO ] 2019-07-01 14:33:10 [main] c.netflix.discovery.DiscoveryClient [{DiscoveryClient.java} {1047}] - Getting all instance registry info from the eureka server
[INFO ] 2019-07-01 14:33:10 [main] c.netflix.discovery.DiscoveryClient [{DiscoveryClient.java} {1056}] - The response status is 200
[INFO ] 2019-07-01 14:33:10 [main] c.netflix.discovery.DiscoveryClient [{DiscoveryClient.java} {1270}] - Starting heartbeat executor: renew interval is: 5
[INFO ] 2019-07-01 14:33:10 [main] c.n.discovery.InstanceInfoReplicator [{InstanceInfoReplicator.java} {60}] - InstanceInfoReplicator onDemand update allowed rate per min is 4
[INFO ] 2019-07-01 14:33:10 [main] c.netflix.discovery.DiscoveryClient [{DiscoveryClient.java} {449}] - Discovery Client initialized at timestamp 1561962793626 with initial instances count: 1
[INFO ] 2019-07-01 14:33:10 [main] o.s.c.n.e.s.EurekaServiceRegistry [{EurekaServiceRegistry.java} {41}] - Registering application CONFIG with eureka with status UP
[INFO ] 2019-07-01 14:33:10 [main] c.netflix.discovery.DiscoveryClient [{DiscoveryClient.java} {1305}] - Saw local status change event StatusChangeEvent [timestamp=1561962793628, current=UP, previous=STARTING]
[INFO ] 2019-07-01 14:33:10 [DiscoveryClient-InstanceInfoReplicator-0] c.netflix.discovery.DiscoveryClient [{DiscoveryClient.java} {826}] - DiscoveryClient_CONFIG/10.112.203.43:config:8701: registering service...
[INFO ] 2019-07-01 14:33:10 [main] o.a.coyote.http11.Http11NioProtocol [{DirectJDKLog.java} {173}] - Starting ProtocolHandler ["http-nio-8701"]
[INFO ] 2019-07-01 14:33:10 [DiscoveryClient-InstanceInfoReplicator-0] c.netflix.discovery.DiscoveryClient [{DiscoveryClient.java} {835}] - DiscoveryClient_CONFIG/10.112.203.43:config:8701 - registration status: 204
[INFO ] 2019-07-01 14:33:10 [main] o.s.b.w.e.tomcat.TomcatWebServer [{TomcatWebServer.java} {204}] - Tomcat started on port(s): 8701 (http) with context path ''
[INFO ] 2019-07-01 14:33:10 [main] o.s.c.n.e.s.EurekaAutoServiceRegistration [{EurekaAutoServiceRegistration.java} {143}] - Updating port to 8701
[INFO ] 2019-07-01 14:33:10 [main] org.yugh.config.ConfigApplication [{StartupInfoLogger.java} {59}] - Started ConfigApplication in 24.323 seconds (JVM running for 34.88)
[INFO ] 2019-07-01 14:33:10 [AsyncResolver-bootstrap-executor-0] c.n.d.s.r.aws.ConfigClusterResolver [{ConfigClusterResolver.java} {43}] - Resolving eureka endpoints via configuration
[INFO ] 2019-07-01 14:33:10 [AsyncResolver-bootstrap-executor-0] c.n.d.s.r.aws.ConfigClusterResolver [{ConfigClusterResolver.java} {43}] - Resolving eureka endpoints via configuration
[INFO ] 2019-07-01 14:33:10 [Thread-7] o.s.c.n.e.s.EurekaServiceRegistry [{EurekaServiceRegistry.java} {65}] - Unregistering application CONFIG with eureka with status DOWN
[INFO ] 2019-07-01 14:33:10 [DiscoveryClient-InstanceInfoReplicator-0] c.netflix.discovery.DiscoveryClient [{DiscoveryClient.java} {826}] - DiscoveryClient_CONFIG/10.112.203.43:config:8701: registering service...
[INFO ] 2019-07-01 14:33:10 [Thread-7] o.s.s.c.ThreadPoolTaskExecutor [{ExecutorConfigurationSupport.java} {208}] - Shutting down ExecutorService 'applicationTaskExecutor'
[INFO ] 2019-07-01 14:33:10 [DiscoveryClient-InstanceInfoReplicator-0] c.netflix.discovery.DiscoveryClient [{DiscoveryClient.java} {835}] - DiscoveryClient_CONFIG/10.112.203.43:config:8701 - registration status: 204
[INFO ] 2019-07-01 14:33:10 [Thread-7] c.netflix.discovery.DiscoveryClient [{DiscoveryClient.java} {888}] - Shutting down DiscoveryClient ...
[INFO ] 2019-07-01 14:33:10 [Thread-7] c.netflix.discovery.DiscoveryClient [{DiscoveryClient.java} {922}] - Unregistering ...
[INFO ] 2019-07-01 14:33:10 [Thread-7] c.netflix.discovery.DiscoveryClient [{DiscoveryClient.java} {911}] - Completed shut down of DiscoveryClient
[INFO ] 2019-07-01 14:49:07 [main] o.s.c.s.PostProcessorRegistrationDelegate$BeanPostProcessorChecker [{PostProcessorRegistrationDelegate.java} {330}] - Bean 'org.springframework.cloud.autoconfigure.ConfigurationPropertiesRebinderAutoConfiguration' of type [org.springframework.cloud.autoconfigure.ConfigurationPropertiesRebinderAutoConfiguration$$EnhancerBySpringCGLIB$$c65790d0] is not eligible for getting processed by all BeanPostProcessors (for example: not eligible for auto-proxying)
[INFO ] 2019-07-01 14:49:17 [main] org.yugh.config.ConfigApplication [{SpringApplication.java} {679}] - The following profiles are active: dev
[INFO ] 2019-07-01 14:49:17 [main] o.s.cloud.context.scope.GenericScope [{GenericScope.java} {295}] - BeanFactory id=ffe4f4cc-08ba-37d9-b311-4ca0661926b5
[INFO ] 2019-07-01 14:49:17 [main] o.s.c.s.PostProcessorRegistrationDelegate$BeanPostProcessorChecker [{PostProcessorRegistrationDelegate.java} {330}] - Bean 'org.springframework.cloud.autoconfigure.ConfigurationPropertiesRebinderAutoConfiguration' of type [org.springframework.cloud.autoconfigure.ConfigurationPropertiesRebinderAutoConfiguration$$EnhancerBySpringCGLIB$$c65790d0] is not eligible for getting processed by all BeanPostProcessors (for example: not eligible for auto-proxying)
[INFO ] 2019-07-01 14:49:17 [main] o.s.b.w.e.tomcat.TomcatWebServer [{TomcatWebServer.java} {90}] - Tomcat initialized with port(s): 8701 (http)
[INFO ] 2019-07-01 14:49:17 [main] o.a.coyote.http11.Http11NioProtocol [{DirectJDKLog.java} {173}] - Initializing ProtocolHandler ["http-nio-8701"]
[INFO ] 2019-07-01 14:49:17 [main] o.a.catalina.core.StandardService [{DirectJDKLog.java} {173}] - Starting service [Tomcat]
[INFO ] 2019-07-01 14:49:17 [main] o.a.catalina.core.StandardEngine [{DirectJDKLog.java} {173}] - Starting Servlet engine: [Apache Tomcat/9.0.19]
[INFO ] 2019-07-01 14:49:17 [main] o.a.c.c.C.[Tomcat].[localhost].[/] [{DirectJDKLog.java} {173}] - Initializing Spring embedded WebApplicationContext
[INFO ] 2019-07-01 14:49:17 [main] o.s.web.context.ContextLoader [{ServletWebServerApplicationContext.java} {296}] - Root WebApplicationContext: initialization completed in 1020 ms
[INFO ] 2019-07-01 14:49:17 [main] c.n.c.sources.URLConfigurationSource [{URLConfigurationSource.java} {126}] - URLs to be used as dynamic configuration source: [file:/Users/yuzhilin/IdeaProjects/spring-cloud/config/target/classes/config.properties]
[INFO ] 2019-07-01 14:49:17 [main] c.n.config.DynamicPropertyFactory [{DynamicPropertyFactory.java} {281}] - DynamicPropertyFactory is initialized with configuration sources: com.netflix.config.ConcurrentCompositeConfiguration@6cd3ad8a
[INFO ] 2019-07-01 14:49:17 [main] c.n.c.sources.URLConfigurationSource [{URLConfigurationSource.java} {126}] - URLs to be used as dynamic configuration source: [file:/Users/yuzhilin/IdeaProjects/spring-cloud/config/target/classes/config.properties]
[INFO ] 2019-07-01 14:49:17 [main] o.s.s.c.ThreadPoolTaskExecutor [{ExecutorConfigurationSupport.java} {171}] - Initializing ExecutorService 'applicationTaskExecutor'
[INFO ] 2019-07-01 14:49:17 [main] o.s.b.a.e.web.EndpointLinksResolver [{EndpointLinksResolver.java} {59}] - Exposing 2 endpoint(s) beneath base path '/actuator'
[INFO ] 2019-07-01 14:49:17 [main] o.s.c.n.eureka.InstanceInfoFactory [{InstanceInfoFactory.java} {72}] - Setting initial instance status as: STARTING
[INFO ] 2019-07-01 14:49:17 [main] c.netflix.discovery.DiscoveryClient [{DiscoveryClient.java} {349}] - Initializing Eureka in region us-east-1
[INFO ] 2019-07-01 14:49:17 [main] c.n.d.p.DiscoveryJerseyProvider [{DiscoveryJerseyProvider.java} {70}] - Using JSON encoding codec LegacyJacksonJson
[INFO ] 2019-07-01 14:49:17 [main] c.n.d.p.DiscoveryJerseyProvider [{DiscoveryJerseyProvider.java} {71}] - Using JSON decoding codec LegacyJacksonJson
[INFO ] 2019-07-01 14:49:17 [main] c.n.d.p.DiscoveryJerseyProvider [{DiscoveryJerseyProvider.java} {80}] - Using XML encoding codec XStreamXml
[INFO ] 2019-07-01 14:49:17 [main] c.n.d.p.DiscoveryJerseyProvider [{DiscoveryJerseyProvider.java} {81}] - Using XML decoding codec XStreamXml
[INFO ] 2019-07-01 14:49:17 [main] c.n.d.s.r.aws.ConfigClusterResolver [{ConfigClusterResolver.java} {43}] - Resolving eureka endpoints via configuration
[INFO ] 2019-07-01 14:49:17 [main] c.netflix.discovery.DiscoveryClient [{DiscoveryClient.java} {958}] - Disable delta property : false
[INFO ] 2019-07-01 14:49:17 [main] c.netflix.discovery.DiscoveryClient [{DiscoveryClient.java} {959}] - Single vip registry refresh property : null
[INFO ] 2019-07-01 14:49:17 [main] c.netflix.discovery.DiscoveryClient [{DiscoveryClient.java} {960}] - Force full registry fetch : false
[INFO ] 2019-07-01 14:49:17 [main] c.netflix.discovery.DiscoveryClient [{DiscoveryClient.java} {961}] - Application is null : false
[INFO ] 2019-07-01 14:49:17 [main] c.netflix.discovery.DiscoveryClient [{DiscoveryClient.java} {962}] - Registered Applications size is zero : true
[INFO ] 2019-07-01 14:49:17 [main] c.netflix.discovery.DiscoveryClient [{DiscoveryClient.java} {964}] - Application version is -1: true
[INFO ] 2019-07-01 14:49:17 [main] c.netflix.discovery.DiscoveryClient [{DiscoveryClient.java} {1047}] - Getting all instance registry info from the eureka server
[INFO ] 2019-07-01 14:49:17 [main] c.netflix.discovery.DiscoveryClient [{DiscoveryClient.java} {1056}] - The response status is 200
[INFO ] 2019-07-01 14:49:17 [main] c.netflix.discovery.DiscoveryClient [{DiscoveryClient.java} {1270}] - Starting heartbeat executor: renew interval is: 5
[INFO ] 2019-07-01 14:49:17 [main] c.n.discovery.InstanceInfoReplicator [{InstanceInfoReplicator.java} {60}] - InstanceInfoReplicator onDemand update allowed rate per min is 4
[INFO ] 2019-07-01 14:49:17 [main] c.netflix.discovery.DiscoveryClient [{DiscoveryClient.java} {449}] - Discovery Client initialized at timestamp 1561963761433 with initial instances count: 0
[INFO ] 2019-07-01 14:49:17 [main] o.s.c.n.e.s.EurekaServiceRegistry [{EurekaServiceRegistry.java} {41}] - Registering application CONFIG with eureka with status UP
[INFO ] 2019-07-01 14:49:17 [main] c.netflix.discovery.DiscoveryClient [{DiscoveryClient.java} {1305}] - Saw local status change event StatusChangeEvent [timestamp=1561963761436, current=UP, previous=STARTING]
[INFO ] 2019-07-01 14:49:17 [DiscoveryClient-InstanceInfoReplicator-0] c.netflix.discovery.DiscoveryClient [{DiscoveryClient.java} {826}] - DiscoveryClient_CONFIG/10.112.203.43:config:8701: registering service...
[INFO ] 2019-07-01 14:49:17 [main] o.a.coyote.http11.Http11NioProtocol [{DirectJDKLog.java} {173}] - Starting ProtocolHandler ["http-nio-8701"]
[INFO ] 2019-07-01 14:49:17 [main] o.s.b.w.e.tomcat.TomcatWebServer [{TomcatWebServer.java} {204}] - Tomcat started on port(s): 8701 (http) with context path ''
[INFO ] 2019-07-01 14:49:17 [main] o.s.c.n.e.s.EurekaAutoServiceRegistration [{EurekaAutoServiceRegistration.java} {143}] - Updating port to 8701
[INFO ] 2019-07-01 14:49:17 [main] org.yugh.config.ConfigApplication [{StartupInfoLogger.java} {59}] - Started ConfigApplication in 24.419 seconds (JVM running for 29.963)
[INFO ] 2019-07-01 14:49:17 [DiscoveryClient-InstanceInfoReplicator-0] c.netflix.discovery.DiscoveryClient [{DiscoveryClient.java} {835}] - DiscoveryClient_CONFIG/10.112.203.43:config:8701 - registration status: 204
[INFO ] 2019-07-01 14:49:17 [DiscoveryClient-CacheRefreshExecutor-0] c.netflix.discovery.DiscoveryClient [{DiscoveryClient.java} {958}] - Disable delta property : false
[INFO ] 2019-07-01 14:49:17 [DiscoveryClient-CacheRefreshExecutor-0] c.netflix.discovery.DiscoveryClient [{DiscoveryClient.java} {959}] - Single vip registry refresh property : null
[INFO ] 2019-07-01 14:49:17 [DiscoveryClient-CacheRefreshExecutor-0] c.netflix.discovery.DiscoveryClient [{DiscoveryClient.java} {960}] - Force full registry fetch : false
[INFO ] 2019-07-01 14:49:17 [DiscoveryClient-CacheRefreshExecutor-0] c.netflix.discovery.DiscoveryClient [{DiscoveryClient.java} {961}] - Application is null : false
[INFO ] 2019-07-01 14:49:17 [DiscoveryClient-CacheRefreshExecutor-0] c.netflix.discovery.DiscoveryClient [{DiscoveryClient.java} {962}] - Registered Applications size is zero : true
[INFO ] 2019-07-01 14:49:17 [DiscoveryClient-CacheRefreshExecutor-0] c.netflix.discovery.DiscoveryClient [{DiscoveryClient.java} {964}] - Application version is -1: false
[INFO ] 2019-07-01 14:49:17 [DiscoveryClient-CacheRefreshExecutor-0] c.netflix.discovery.DiscoveryClient [{DiscoveryClient.java} {1047}] - Getting all instance registry info from the eureka server
[INFO ] 2019-07-01 14:49:17 [DiscoveryClient-CacheRefreshExecutor-0] c.netflix.discovery.DiscoveryClient [{DiscoveryClient.java} {1056}] - The response status is 200
[INFO ] 2019-07-01 14:49:17 [AsyncResolver-bootstrap-executor-0] c.n.d.s.r.aws.ConfigClusterResolver [{ConfigClusterResolver.java} {43}] - Resolving eureka endpoints via configuration
[INFO ] 2019-07-01 14:49:17 [AsyncResolver-bootstrap-executor-0] c.n.d.s.r.aws.ConfigClusterResolver [{ConfigClusterResolver.java} {43}] - Resolving eureka endpoints via configuration
[INFO ] 2019-07-01 14:49:17 [AsyncResolver-bootstrap-executor-0] c.n.d.s.r.aws.ConfigClusterResolver [{ConfigClusterResolver.java} {43}] - Resolving eureka endpoints via configuration
[INFO ] 2019-07-01 14:49:17 [AsyncResolver-bootstrap-executor-0] c.n.d.s.r.aws.ConfigClusterResolver [{ConfigClusterResolver.java} {43}] - Resolving eureka endpoints via configuration
[INFO ] 2019-07-01 14:49:17 [http-nio-8701-exec-1] o.a.c.c.C.[Tomcat].[localhost].[/] [{DirectJDKLog.java} {173}] - Initializing Spring DispatcherServlet 'dispatcherServlet'
[INFO ] 2019-07-01 14:49:17 [http-nio-8701-exec-1] o.s.web.servlet.DispatcherServlet [{FrameworkServlet.java} {524}] - Initializing Servlet 'dispatcherServlet'
[INFO ] 2019-07-01 14:49:17 [http-nio-8701-exec-1] o.s.web.servlet.DispatcherServlet [{FrameworkServlet.java} {546}] - Completed initialization in 8 ms
[INFO ] 2019-07-01 14:49:17 [AsyncResolver-bootstrap-executor-0] c.n.d.s.r.aws.ConfigClusterResolver [{ConfigClusterResolver.java} {43}] - Resolving eureka endpoints via configuration
[INFO ] 2019-07-01 14:49:17 [AsyncResolver-bootstrap-executor-0] c.n.d.s.r.aws.ConfigClusterResolver [{ConfigClusterResolver.java} {43}] - Resolving eureka endpoints via configuration
[INFO ] 2019-07-01 14:49:17 [AsyncResolver-bootstrap-executor-0] c.n.d.s.r.aws.ConfigClusterResolver [{ConfigClusterResolver.java} {43}] - Resolving eureka endpoints via configuration
[INFO ] 2019-07-01 14:49:17 [AsyncResolver-bootstrap-executor-0] c.n.d.s.r.aws.ConfigClusterResolver [{ConfigClusterResolver.java} {43}] - Resolving eureka endpoints via configuration
[INFO ] 2019-07-01 14:49:17 [AsyncResolver-bootstrap-executor-0] c.n.d.s.r.aws.ConfigClusterResolver [{ConfigClusterResolver.java} {43}] - Resolving eureka endpoints via configuration
[INFO ] 2019-07-01 14:49:17 [AsyncResolver-bootstrap-executor-0] c.n.d.s.r.aws.ConfigClusterResolver [{ConfigClusterResolver.java} {43}] - Resolving eureka endpoints via configuration
[INFO ] 2019-07-01 14:49:17 [AsyncResolver-bootstrap-executor-0] c.n.d.s.r.aws.ConfigClusterResolver [{ConfigClusterResolver.java} {43}] - Resolving eureka endpoints via configuration
[INFO ] 2019-07-01 14:49:17 [AsyncResolver-bootstrap-executor-0] c.n.d.s.r.aws.ConfigClusterResolver [{ConfigClusterResolver.java} {43}] - Resolving eureka endpoints via configuration
[INFO ] 2019-07-01 14:49:17 [AsyncResolver-bootstrap-executor-0] c.n.d.s.r.aws.ConfigClusterResolver [{ConfigClusterResolver.java} {43}] - Resolving eureka endpoints via configuration
[INFO ] 2019-07-01 14:49:17 [Thread-7] o.s.c.n.e.s.EurekaServiceRegistry [{EurekaServiceRegistry.java} {65}] - Unregistering application CONFIG with eureka with status DOWN
[INFO ] 2019-07-01 14:49:17 [DiscoveryClient-InstanceInfoReplicator-0] c.netflix.discovery.DiscoveryClient [{DiscoveryClient.java} {826}] - DiscoveryClient_CONFIG/10.112.203.43:config:8701: registering service...
[INFO ] 2019-07-01 14:49:17 [DiscoveryClient-InstanceInfoReplicator-0] c.netflix.discovery.DiscoveryClient [{DiscoveryClient.java} {835}] - DiscoveryClient_CONFIG/10.112.203.43:config:8701 - registration status: 204
[INFO ] 2019-07-01 14:49:17 [Thread-7] o.s.s.c.ThreadPoolTaskExecutor [{ExecutorConfigurationSupport.java} {208}] - Shutting down ExecutorService 'applicationTaskExecutor'
[INFO ] 2019-07-01 14:49:17 [Thread-7] c.netflix.discovery.DiscoveryClient [{DiscoveryClient.java} {888}] - Shutting down DiscoveryClient ...
[INFO ] 2019-07-01 14:49:17 [Thread-7] c.netflix.discovery.DiscoveryClient [{DiscoveryClient.java} {922}] - Unregistering ...
[INFO ] 2019-07-01 15:56:55 [main] o.s.c.s.PostProcessorRegistrationDelegate$BeanPostProcessorChecker [{PostProcessorRegistrationDelegate.java} {330}] - Bean 'org.springframework.cloud.autoconfigure.ConfigurationPropertiesRebinderAutoConfiguration' of type [org.springframework.cloud.autoconfigure.ConfigurationPropertiesRebinderAutoConfiguration$$EnhancerBySpringCGLIB$$5dc0922c] is not eligible for getting processed by all BeanPostProcessors (for example: not eligible for auto-proxying)
[INFO ] 2019-07-01 15:56:56 [main] org.yugh.config.ConfigApplication [{SpringApplication.java} {679}] - The following profiles are active: dev
[INFO ] 2019-07-01 15:56:56 [main] o.s.cloud.context.scope.GenericScope [{GenericScope.java} {295}] - BeanFactory id=ffe4f4cc-08ba-37d9-b311-4ca0661926b5
[INFO ] 2019-07-01 15:56:56 [main] o.s.c.s.PostProcessorRegistrationDelegate$BeanPostProcessorChecker [{PostProcessorRegistrationDelegate.java} {330}] - Bean 'org.springframework.cloud.autoconfigure.ConfigurationPropertiesRebinderAutoConfiguration' of type [org.springframework.cloud.autoconfigure.ConfigurationPropertiesRebinderAutoConfiguration$$EnhancerBySpringCGLIB$$5dc0922c] is not eligible for getting processed by all BeanPostProcessors (for example: not eligible for auto-proxying)
[INFO ] 2019-07-01 15:56:56 [main] o.s.b.w.e.tomcat.TomcatWebServer [{TomcatWebServer.java} {90}] - Tomcat initialized with port(s): 8701 (http)
[INFO ] 2019-07-01 15:56:56 [main] o.a.coyote.http11.Http11NioProtocol [{DirectJDKLog.java} {173}] - Initializing ProtocolHandler ["http-nio-8701"]
[INFO ] 2019-07-01 15:56:56 [main] o.a.catalina.core.StandardService [{DirectJDKLog.java} {173}] - Starting service [Tomcat]
[INFO ] 2019-07-01 15:56:56 [main] o.a.catalina.core.StandardEngine [{DirectJDKLog.java} {173}] - Starting Servlet engine: [Apache Tomcat/9.0.19]
[INFO ] 2019-07-01 15:56:56 [main] o.a.c.c.C.[Tomcat].[localhost].[/] [{DirectJDKLog.java} {173}] - Initializing Spring embedded WebApplicationContext
[INFO ] 2019-07-01 15:56:56 [main] o.s.web.context.ContextLoader [{ServletWebServerApplicationContext.java} {296}] - Root WebApplicationContext: initialization completed in 1060 ms
[INFO ] 2019-07-01 15:56:56 [main] c.n.c.sources.URLConfigurationSource [{URLConfigurationSource.java} {126}] - URLs to be used as dynamic configuration source: [file:/Users/yuzhilin/IdeaProjects/spring-cloud/config/target/classes/config.properties]
[INFO ] 2019-07-01 15:56:56 [main] c.n.config.DynamicPropertyFactory [{DynamicPropertyFactory.java} {281}] - DynamicPropertyFactory is initialized with configuration sources: com.netflix.config.ConcurrentCompositeConfiguration@58434b19
[INFO ] 2019-07-01 15:56:56 [main] c.n.c.sources.URLConfigurationSource [{URLConfigurationSource.java} {126}] - URLs to be used as dynamic configuration source: [file:/Users/yuzhilin/IdeaProjects/spring-cloud/config/target/classes/config.properties]
[INFO ] 2019-07-01 15:56:56 [main] o.s.s.c.ThreadPoolTaskExecutor [{ExecutorConfigurationSupport.java} {171}] - Initializing ExecutorService 'applicationTaskExecutor'
[INFO ] 2019-07-01 15:56:56 [main] o.s.b.a.e.web.EndpointLinksResolver [{EndpointLinksResolver.java} {59}] - Exposing 2 endpoint(s) beneath base path '/actuator'
[INFO ] 2019-07-01 15:56:56 [main] o.s.c.n.eureka.InstanceInfoFactory [{InstanceInfoFactory.java} {72}] - Setting initial instance status as: STARTING
[INFO ] 2019-07-01 15:56:56 [main] c.netflix.discovery.DiscoveryClient [{DiscoveryClient.java} {349}] - Initializing Eureka in region us-east-1
[INFO ] 2019-07-01 15:56:56 [main] c.n.d.p.DiscoveryJerseyProvider [{DiscoveryJerseyProvider.java} {70}] - Using JSON encoding codec LegacyJacksonJson
[INFO ] 2019-07-01 15:56:56 [main] c.n.d.p.DiscoveryJerseyProvider [{DiscoveryJerseyProvider.java} {71}] - Using JSON decoding codec LegacyJacksonJson
[INFO ] 2019-07-01 15:56:56 [main] c.n.d.p.DiscoveryJerseyProvider [{DiscoveryJerseyProvider.java} {80}] - Using XML encoding codec XStreamXml
[INFO ] 2019-07-01 15:56:56 [main] c.n.d.p.DiscoveryJerseyProvider [{DiscoveryJerseyProvider.java} {81}] - Using XML decoding codec XStreamXml
[INFO ] 2019-07-01 15:56:56 [main] c.n.d.s.r.aws.ConfigClusterResolver [{ConfigClusterResolver.java} {43}] - Resolving eureka endpoints via configuration
[INFO ] 2019-07-01 15:56:56 [main] c.netflix.discovery.DiscoveryClient [{DiscoveryClient.java} {958}] - Disable delta property : false
[INFO ] 2019-07-01 15:56:56 [main] c.netflix.discovery.DiscoveryClient [{DiscoveryClient.java} {959}] - Single vip registry refresh property : null
[INFO ] 2019-07-01 15:56:56 [main] c.netflix.discovery.DiscoveryClient [{DiscoveryClient.java} {960}] - Force full registry fetch : false
[INFO ] 2019-07-01 15:56:56 [main] c.netflix.discovery.DiscoveryClient [{DiscoveryClient.java} {961}] - Application is null : false
[INFO ] 2019-07-01 15:56:56 [main] c.netflix.discovery.DiscoveryClient [{DiscoveryClient.java} {962}] - Registered Applications size is zero : true
[INFO ] 2019-07-01 15:56:56 [main] c.netflix.discovery.DiscoveryClient [{DiscoveryClient.java} {964}] - Application version is -1: true
[INFO ] 2019-07-01 15:56:56 [main] c.netflix.discovery.DiscoveryClient [{DiscoveryClient.java} {1047}] - Getting all instance registry info from the eureka server
[INFO ] 2019-07-01 15:56:56 [main] c.netflix.discovery.DiscoveryClient [{DiscoveryClient.java} {1056}] - The response status is 200
[INFO ] 2019-07-01 15:56:56 [main] c.netflix.discovery.DiscoveryClient [{DiscoveryClient.java} {1270}] - Starting heartbeat executor: renew interval is: 5
[INFO ] 2019-07-01 15:56:56 [main] c.n.discovery.InstanceInfoReplicator [{InstanceInfoReplicator.java} {60}] - InstanceInfoReplicator onDemand update allowed rate per min is 4
[INFO ] 2019-07-01 15:56:56 [main] c.netflix.discovery.DiscoveryClient [{DiscoveryClient.java} {449}] - Discovery Client initialized at timestamp 1561967819134 with initial instances count: 0
[INFO ] 2019-07-01 15:56:56 [main] o.s.c.n.e.s.EurekaServiceRegistry [{EurekaServiceRegistry.java} {41}] - Registering application CONFIG with eureka with status UP
[INFO ] 2019-07-01 15:56:56 [main] c.netflix.discovery.DiscoveryClient [{DiscoveryClient.java} {1305}] - Saw local status change event StatusChangeEvent [timestamp=1561967819137, current=UP, previous=STARTING]
[INFO ] 2019-07-01 15:56:56 [DiscoveryClient-InstanceInfoReplicator-0] c.netflix.discovery.DiscoveryClient [{DiscoveryClient.java} {826}] - DiscoveryClient_CONFIG/10.112.203.43:config:8701: registering service...
[INFO ] 2019-07-01 15:56:56 [main] o.a.coyote.http11.Http11NioProtocol [{DirectJDKLog.java} {173}] - Starting ProtocolHandler ["http-nio-8701"]
[INFO ] 2019-07-01 15:56:56 [main] o.s.b.w.e.tomcat.TomcatWebServer [{TomcatWebServer.java} {204}] - Tomcat started on port(s): 8701 (http) with context path ''
[INFO ] 2019-07-01 15:56:56 [main] o.s.c.n.e.s.EurekaAutoServiceRegistration [{EurekaAutoServiceRegistration.java} {143}] - Updating port to 8701
[INFO ] 2019-07-01 15:56:56 [main] org.yugh.config.ConfigApplication [{StartupInfoLogger.java} {59}] - Started ConfigApplication in 3.814 seconds (JVM running for 7.252)
[INFO ] 2019-07-01 15:56:56 [DiscoveryClient-InstanceInfoReplicator-0] c.netflix.discovery.DiscoveryClient [{DiscoveryClient.java} {835}] - DiscoveryClient_CONFIG/10.112.203.43:config:8701 - registration status: 204
[INFO ] 2019-07-01 15:56:56 [DiscoveryClient-CacheRefreshExecutor-0] c.netflix.discovery.DiscoveryClient [{DiscoveryClient.java} {958}] - Disable delta property : false
[INFO ] 2019-07-01 15:56:56 [DiscoveryClient-CacheRefreshExecutor-0] c.netflix.discovery.DiscoveryClient [{DiscoveryClient.java} {959}] - Single vip registry refresh property : null
[INFO ] 2019-07-01 15:56:56 [DiscoveryClient-CacheRefreshExecutor-0] c.netflix.discovery.DiscoveryClient [{DiscoveryClient.java} {960}] - Force full registry fetch : false
[INFO ] 2019-07-01 15:56:56 [DiscoveryClient-CacheRefreshExecutor-0] c.netflix.discovery.DiscoveryClient [{DiscoveryClient.java} {961}] - Application is null : false
[INFO ] 2019-07-01 15:56:56 [DiscoveryClient-CacheRefreshExecutor-0] c.netflix.discovery.DiscoveryClient [{DiscoveryClient.java} {962}] - Registered Applications size is zero : true
[INFO ] 2019-07-01 15:56:56 [DiscoveryClient-CacheRefreshExecutor-0] c.netflix.discovery.DiscoveryClient [{DiscoveryClient.java} {964}] - Application version is -1: false
[INFO ] 2019-07-01 15:56:56 [DiscoveryClient-CacheRefreshExecutor-0] c.netflix.discovery.DiscoveryClient [{DiscoveryClient.java} {1047}] - Getting all instance registry info from the eureka server
[INFO ] 2019-07-01 15:56:56 [DiscoveryClient-CacheRefreshExecutor-0] c.netflix.discovery.DiscoveryClient [{DiscoveryClient.java} {1056}] - The response status is 200
[INFO ] 2019-07-01 15:56:56 [AsyncResolver-bootstrap-executor-0] c.n.d.s.r.aws.ConfigClusterResolver [{ConfigClusterResolver.java} {43}] - Resolving eureka endpoints via configuration
[INFO ] 2019-07-01 15:56:56 [AsyncResolver-bootstrap-executor-0] c.n.d.s.r.aws.ConfigClusterResolver [{ConfigClusterResolver.java} {43}] - Resolving eureka endpoints via configuration
[INFO ] 2019-07-01 15:56:56 [Thread-7] o.s.c.n.e.s.EurekaServiceRegistry [{EurekaServiceRegistry.java} {65}] - Unregistering application CONFIG with eureka with status DOWN
[INFO ] 2019-07-01 15:56:56 [DiscoveryClient-InstanceInfoReplicator-0] c.netflix.discovery.DiscoveryClient [{DiscoveryClient.java} {826}] - DiscoveryClient_CONFIG/10.112.203.43:config:8701: registering service...
[INFO ] 2019-07-01 15:56:56 [Thread-7] o.s.s.c.ThreadPoolTaskExecutor [{ExecutorConfigurationSupport.java} {208}] - Shutting down ExecutorService 'applicationTaskExecutor'
[INFO ] 2019-07-01 15:56:56 [DiscoveryClient-InstanceInfoReplicator-0] c.netflix.discovery.DiscoveryClient [{DiscoveryClient.java} {835}] - DiscoveryClient_CONFIG/10.112.203.43:config:8701 - registration status: 204
[INFO ] 2019-07-01 15:56:56 [Thread-7] c.netflix.discovery.DiscoveryClient [{DiscoveryClient.java} {888}] - Shutting down DiscoveryClient ...
