2019-09-04T14:12:26.739+0800 [INFO] dataworks/dataworks-gateway-service o.y.g.DataWorksGatewayApplication - - The following profiles are active: dev
2019-09-04T14:12:27.525+0800 [INFO] dataworks/dataworks-gateway-service o.s.d.r.c.RepositoryConfigurationDelegate - - Multiple Spring Data modules found, entering strict repository configuration mode!
2019-09-04T14:12:27.527+0800 [INFO] dataworks/dataworks-gateway-service o.s.d.r.c.RepositoryConfigurationDelegate - - Bootstrapping Spring Data repositories in DEFAULT mode.
2019-09-04T14:12:27.557+0800 [INFO] dataworks/dataworks-gateway-service o.s.d.r.c.RepositoryConfigurationDelegate - - Finished Spring Data repository scanning in 15ms. Found 0 repository interfaces.
2019-09-04T14:12:27.604+0800 [WARN] dataworks/dataworks-gateway-service o.s.boot.actuate.endpoint.EndpointId - - Endpoint ID 'service-registry' contains invalid characters, please migrate to a valid format.
2019-09-04T14:12:27.834+0800 [INFO] dataworks/dataworks-gateway-service o.s.cloud.context.scope.GenericScope - - BeanFactory id=af32c84f-377e-3f4e-a195-e7ea4d3275be
2019-09-04T14:12:27.852+0800 [INFO] dataworks/dataworks-gateway-service o.s.c.s.PostProcessorRegistrationDelegate$BeanPostProcessorChecker - - Bean 'org.yugh.gateway.feign.IGatewayFallBackService' of type [org.springframework.cloud.openfeign.FeignClientFactoryBean] is not eligible for getting processed by all BeanPostProcessors (for example: not eligible for auto-proxying)
2019-09-04T14:12:28.061+0800 [INFO] dataworks/dataworks-gateway-service o.s.c.s.PostProcessorRegistrationDelegate$BeanPostProcessorChecker - - Bean 'org.springframework.cloud.autoconfigure.ConfigurationPropertiesRebinderAutoConfiguration' of type [org.springframework.cloud.autoconfigure.ConfigurationPropertiesRebinderAutoConfiguration$$EnhancerBySpringCGLIB$$e4b17b1b] is not eligible for getting processed by all BeanPostProcessors (for example: not eligible for auto-proxying)
2019-09-04T14:12:28.271+0800 [INFO] dataworks/dataworks-gateway-service o.y.g.p.AuthSkipUrlsProperties - - ============> Configuration Instance IDs : [APP-HABO-SERVICE, METADATA-DATASOURCE-SERVICE, METADATA-DATA-LINEAGE-SERVICE, METADATA-QUOTA-DICT-SERVICE, METADATA-TABLE-DICT-SERVICE, APP-LUBAN-DASHBOARD-SERVICE, BASE-SQL-SUBMISSION-SERVICE, APP-LUBAN-BACKEND-SERVICE] , Skip Urls : [/task/workspace, /task/callback, /task/exec, /task/sch/config, /user/group, /health, /query, /management, /health, /blood, /test, /health, /callback/dimension, /approve/callback, /v1, /action/indicator, /health, /v1/datasource, /v1/database, /v1/bdptable, /health, /v1/chart, /v1/dashboard, /v1/dashboardShare, /health, /health, /v1/metadata, /v1/query, /v1/sql, /v1/dataset, /v1/datasetsql, /v1/datasetshare, /health]
2019-09-04T14:12:29.340+0800 [WARN] dataworks/dataworks-gateway-service c.n.c.sources.URLConfigurationSource - - No URLs will be polled as dynamic configuration sources.
2019-09-04T14:12:29.341+0800 [INFO] dataworks/dataworks-gateway-service c.n.c.sources.URLConfigurationSource - - To enable URLs as dynamic configuration sources, define System property archaius.configurationSource.additionalUrls or make config.properties available on classpath.
2019-09-04T14:12:29.352+0800 [INFO] dataworks/dataworks-gateway-service c.n.config.DynamicPropertyFactory - - DynamicPropertyFactory is initialized with configuration sources: com.netflix.config.ConcurrentCompositeConfiguration@5e5ddfbc
2019-09-04T14:12:29.689+0800 [INFO] dataworks/dataworks-gateway-service o.s.c.g.r.RouteDefinitionRouteLocator - - Loaded RoutePredicateFactory [After]
2019-09-04T14:12:29.689+0800 [INFO] dataworks/dataworks-gateway-service o.s.c.g.r.RouteDefinitionRouteLocator - - Loaded RoutePredicateFactory [Before]
2019-09-04T14:12:29.690+0800 [INFO] dataworks/dataworks-gateway-service o.s.c.g.r.RouteDefinitionRouteLocator - - Loaded RoutePredicateFactory [Between]
2019-09-04T14:12:29.690+0800 [INFO] dataworks/dataworks-gateway-service o.s.c.g.r.RouteDefinitionRouteLocator - - Loaded RoutePredicateFactory [Cookie]
2019-09-04T14:12:29.690+0800 [INFO] dataworks/dataworks-gateway-service o.s.c.g.r.RouteDefinitionRouteLocator - - Loaded RoutePredicateFactory [Header]
2019-09-04T14:12:29.690+0800 [INFO] dataworks/dataworks-gateway-service o.s.c.g.r.RouteDefinitionRouteLocator - - Loaded RoutePredicateFactory [Host]
2019-09-04T14:12:29.690+0800 [INFO] dataworks/dataworks-gateway-service o.s.c.g.r.RouteDefinitionRouteLocator - - Loaded RoutePredicateFactory [Method]
2019-09-04T14:12:29.690+0800 [INFO] dataworks/dataworks-gateway-service o.s.c.g.r.RouteDefinitionRouteLocator - - Loaded RoutePredicateFactory [Path]
2019-09-04T14:12:29.690+0800 [INFO] dataworks/dataworks-gateway-service o.s.c.g.r.RouteDefinitionRouteLocator - - Loaded RoutePredicateFactory [Query]
2019-09-04T14:12:29.690+0800 [INFO] dataworks/dataworks-gateway-service o.s.c.g.r.RouteDefinitionRouteLocator - - Loaded RoutePredicateFactory [ReadBodyPredicateFactory]
2019-09-04T14:12:29.690+0800 [INFO] dataworks/dataworks-gateway-service o.s.c.g.r.RouteDefinitionRouteLocator - - Loaded RoutePredicateFactory [RemoteAddr]
2019-09-04T14:12:29.690+0800 [INFO] dataworks/dataworks-gateway-service o.s.c.g.r.RouteDefinitionRouteLocator - - Loaded RoutePredicateFactory [Weight]
2019-09-04T14:12:29.690+0800 [INFO] dataworks/dataworks-gateway-service o.s.c.g.r.RouteDefinitionRouteLocator - - Loaded RoutePredicateFactory [CloudFoundryRouteService]
2019-09-04T14:12:30.080+0800 [INFO] dataworks/dataworks-gateway-service o.s.b.a.e.web.EndpointLinksResolver - - Exposing 20 endpoint(s) beneath base path '/actuator'
2019-09-04T14:12:30.209+0800 [WARN] dataworks/dataworks-gateway-service c.n.c.sources.URLConfigurationSource - - No URLs will be polled as dynamic configuration sources.
2019-09-04T14:12:30.209+0800 [INFO] dataworks/dataworks-gateway-service c.n.c.sources.URLConfigurationSource - - To enable URLs as dynamic configuration sources, define System property archaius.configurationSource.additionalUrls or make config.properties available on classpath.
2019-09-04T14:12:30.977+0800 [INFO] dataworks/dataworks-gateway-service o.s.c.n.eureka.InstanceInfoFactory - - Setting initial instance status as: STARTING
2019-09-04T14:12:31.005+0800 [INFO] dataworks/dataworks-gateway-service c.netflix.discovery.DiscoveryClient - - Initializing Eureka in region us-east-1
2019-09-04T14:12:31.182+0800 [INFO] dataworks/dataworks-gateway-service c.n.d.p.DiscoveryJerseyProvider - - Using JSON encoding codec LegacyJacksonJson
2019-09-04T14:12:31.182+0800 [INFO] dataworks/dataworks-gateway-service c.n.d.p.DiscoveryJerseyProvider - - Using JSON decoding codec LegacyJacksonJson
2019-09-04T14:12:31.282+0800 [INFO] dataworks/dataworks-gateway-service c.n.d.p.DiscoveryJerseyProvider - - Using XML encoding codec XStreamXml
2019-09-04T14:12:31.282+0800 [INFO] dataworks/dataworks-gateway-service c.n.d.p.DiscoveryJerseyProvider - - Using XML decoding codec XStreamXml
2019-09-04T14:12:31.461+0800 [INFO] dataworks/dataworks-gateway-service c.n.d.s.r.aws.ConfigClusterResolver - - Resolving eureka endpoints via configuration
2019-09-04T14:12:31.481+0800 [INFO] dataworks/dataworks-gateway-service c.netflix.discovery.DiscoveryClient - - Disable delta property : false
2019-09-04T14:12:31.481+0800 [INFO] dataworks/dataworks-gateway-service c.netflix.discovery.DiscoveryClient - - Single vip registry refresh property : null
2019-09-04T14:12:31.481+0800 [INFO] dataworks/dataworks-gateway-service c.netflix.discovery.DiscoveryClient - - Force full registry fetch : false
2019-09-04T14:12:31.481+0800 [INFO] dataworks/dataworks-gateway-service c.netflix.discovery.DiscoveryClient - - Application is null : false
2019-09-04T14:12:31.481+0800 [INFO] dataworks/dataworks-gateway-service c.netflix.discovery.DiscoveryClient - - Registered Applications size is zero : true
2019-09-04T14:12:31.481+0800 [INFO] dataworks/dataworks-gateway-service c.netflix.discovery.DiscoveryClient - - Application version is -1: true
2019-09-04T14:12:31.481+0800 [INFO] dataworks/dataworks-gateway-service c.netflix.discovery.DiscoveryClient - - Getting all instance registry info from the eureka server
2019-09-04T14:12:31.710+0800 [INFO] dataworks/dataworks-gateway-service c.netflix.discovery.DiscoveryClient - - The response status is 200
2019-09-04T14:12:31.712+0800 [INFO] dataworks/dataworks-gateway-service c.netflix.discovery.DiscoveryClient - - Starting heartbeat executor: renew interval is: 30
2019-09-04T14:12:31.714+0800 [INFO] dataworks/dataworks-gateway-service c.n.discovery.InstanceInfoReplicator - - InstanceInfoReplicator onDemand update allowed rate per min is 4
2019-09-04T14:12:31.717+0800 [INFO] dataworks/dataworks-gateway-service c.netflix.discovery.DiscoveryClient - - Discovery Client initialized at timestamp 1567577551716 with initial instances count: 0
2019-09-04T14:12:31.725+0800 [INFO] dataworks/dataworks-gateway-service o.s.c.n.e.s.EurekaServiceRegistry - - Registering application DATAWORKS-GATEWAY-SERVICE with eureka with status UP
2019-09-04T14:12:31.725+0800 [INFO] dataworks/dataworks-gateway-service c.netflix.discovery.DiscoveryClient - - Saw local status change event StatusChangeEvent [timestamp=1567577551725, current=UP, previous=STARTING]
2019-09-04T14:12:31.728+0800 [INFO] dataworks/dataworks-gateway-service c.netflix.discovery.DiscoveryClient - - DiscoveryClient_DATAWORKS-GATEWAY-SERVICE/10.45.53.191:dataworks-gateway-service:6300: registering service...
2019-09-04T14:12:31.816+0800 [INFO] dataworks/dataworks-gateway-service c.netflix.discovery.DiscoveryClient - - DiscoveryClient_DATAWORKS-GATEWAY-SERVICE/10.45.53.191:dataworks-gateway-service:6300 - registration status: 204
2019-09-04T14:12:31.939+0800 [INFO] dataworks/dataworks-gateway-service o.s.b.w.e.netty.NettyWebServer - - Netty started on port(s): 6300
2019-09-04T14:12:31.940+0800 [INFO] dataworks/dataworks-gateway-service o.s.c.n.e.s.EurekaAutoServiceRegistration - - Updating port to 6300
2019-09-04T14:12:31.943+0800 [INFO] dataworks/dataworks-gateway-service o.y.g.DataWorksGatewayApplication - - Started DataWorksGatewayApplication in 6.103 seconds (JVM running for 7.237)
2019-09-04T14:12:32.526+0800 [INFO] dataworks/dataworks-gateway-service io.lettuce.core.EpollProvider - - Starting without optional epoll library
2019-09-04T14:12:32.528+0800 [INFO] dataworks/dataworks-gateway-service io.lettuce.core.KqueueProvider - - Starting without optional kqueue library
2019-09-04T14:13:01.712+0800 [INFO] dataworks/dataworks-gateway-service c.netflix.discovery.DiscoveryClient - - Disable delta property : false
2019-09-04T14:13:01.713+0800 [INFO] dataworks/dataworks-gateway-service c.netflix.discovery.DiscoveryClient - - Single vip registry refresh property : null
2019-09-04T14:13:01.713+0800 [INFO] dataworks/dataworks-gateway-service c.netflix.discovery.DiscoveryClient - - Force full registry fetch : false
2019-09-04T14:13:01.713+0800 [INFO] dataworks/dataworks-gateway-service c.netflix.discovery.DiscoveryClient - - Application is null : false
2019-09-04T14:13:01.713+0800 [INFO] dataworks/dataworks-gateway-service c.netflix.discovery.DiscoveryClient - - Registered Applications size is zero : true
2019-09-04T14:13:01.713+0800 [INFO] dataworks/dataworks-gateway-service c.netflix.discovery.DiscoveryClient - - Application version is -1: false
2019-09-04T14:13:01.713+0800 [INFO] dataworks/dataworks-gateway-service c.netflix.discovery.DiscoveryClient - - Getting all instance registry info from the eureka server
2019-09-04T14:13:01.746+0800 [INFO] dataworks/dataworks-gateway-service c.netflix.discovery.DiscoveryClient - - The response status is 200
2019-09-04T14:17:31.474+0800 [INFO] dataworks/dataworks-gateway-service c.n.d.s.r.aws.ConfigClusterResolver - - Resolving eureka endpoints via configuration
2019-09-04T14:17:55.991+0800 [INFO] dataworks/dataworks-gateway-service o.s.c.n.e.s.EurekaServiceRegistry - - Unregistering application DATAWORKS-GATEWAY-SERVICE with eureka with status DOWN
2019-09-04T14:17:55.991+0800 [WARN] dataworks/dataworks-gateway-service c.netflix.discovery.DiscoveryClient - - Saw local status change event StatusChangeEvent [timestamp=1567577875991, current=DOWN, previous=UP]
2019-09-04T14:17:55.992+0800 [INFO] dataworks/dataworks-gateway-service c.netflix.discovery.DiscoveryClient - - DiscoveryClient_DATAWORKS-GATEWAY-SERVICE/10.45.53.191:dataworks-gateway-service:6300: registering service...
2019-09-04T14:17:56.014+0800 [ERROR] dataworks/dataworks-gateway-service c.n.d.s.t.d.RedirectingEurekaHttpClient - - Request execution error. endpoint=DefaultEndpoint{ serviceUrl='http://localhost:8700/eureka/}
com.sun.jersey.api.client.ClientHandlerException: java.net.ConnectException: Connection refused (Connection refused)
	at com.sun.jersey.client.apache4.ApacheHttpClient4Handler.handle(ApacheHttpClient4Handler.java:187)
	at com.sun.jersey.api.client.filter.GZIPContentEncodingFilter.handle(GZIPContentEncodingFilter.java:123)
	at com.netflix.discovery.EurekaIdentityHeaderFilter.handle(EurekaIdentityHeaderFilter.java:27)
	at com.sun.jersey.api.client.Client.handle(Client.java:652)
	at com.sun.jersey.api.client.WebResource.handle(WebResource.java:682)
	at com.sun.jersey.api.client.WebResource.access$200(WebResource.java:74)
	at com.sun.jersey.api.client.WebResource$Builder.post(WebResource.java:570)
	at com.netflix.discovery.shared.transport.jersey.AbstractJerseyEurekaHttpClient.register(AbstractJerseyEurekaHttpClient.java:56)
	at com.netflix.discovery.shared.transport.decorator.EurekaHttpClientDecorator$1.execute(EurekaHttpClientDecorator.java:59)
	at com.netflix.discovery.shared.transport.decorator.MetricsCollectingEurekaHttpClient.execute(MetricsCollectingEurekaHttpClient.java:73)
	at com.netflix.discovery.shared.transport.decorator.EurekaHttpClientDecorator.register(EurekaHttpClientDecorator.java:56)
	at com.netflix.discovery.shared.transport.decorator.EurekaHttpClientDecorator$1.execute(EurekaHttpClientDecorator.java:59)
	at com.netflix.discovery.shared.transport.decorator.RedirectingEurekaHttpClient.execute(RedirectingEurekaHttpClient.java:89)
	at com.netflix.discovery.shared.transport.decorator.EurekaHttpClientDecorator.register(EurekaHttpClientDecorator.java:56)
	at com.netflix.discovery.shared.transport.decorator.EurekaHttpClientDecorator$1.execute(EurekaHttpClientDecorator.java:59)
	at com.netflix.discovery.shared.transport.decorator.RetryableEurekaHttpClient.execute(RetryableEurekaHttpClient.java:120)
	at com.netflix.discovery.shared.transport.decorator.EurekaHttpClientDecorator.register(EurekaHttpClientDecorator.java:56)
	at com.netflix.discovery.shared.transport.decorator.EurekaHttpClientDecorator$1.execute(EurekaHttpClientDecorator.java:59)
	at com.netflix.discovery.shared.transport.decorator.SessionedEurekaHttpClient.execute(SessionedEurekaHttpClient.java:77)
	at com.netflix.discovery.shared.transport.decorator.EurekaHttpClientDecorator.register(EurekaHttpClientDecorator.java:56)
	at com.netflix.discovery.DiscoveryClient.register(DiscoveryClient.java:829)
	at com.netflix.discovery.InstanceInfoReplicator.run(InstanceInfoReplicator.java:121)
	at com.netflix.discovery.InstanceInfoReplicator$1.run(InstanceInfoReplicator.java:101)
	at java.util.concurrent.Executors$RunnableAdapter.call(Executors.java:511)
	at java.util.concurrent.FutureTask.run(FutureTask.java:266)
	at java.util.concurrent.ScheduledThreadPoolExecutor$ScheduledFutureTask.access$201(ScheduledThreadPoolExecutor.java:180)
	at java.util.concurrent.ScheduledThreadPoolExecutor$ScheduledFutureTask.run(ScheduledThreadPoolExecutor.java:293)
	at java.util.concurrent.ThreadPoolExecutor.runWorker(ThreadPoolExecutor.java:1149)
	at java.util.concurrent.ThreadPoolExecutor$Worker.run(ThreadPoolExecutor.java:624)
	at java.lang.Thread.run(Thread.java:748)
Caused by: java.net.ConnectException: Connection refused (Connection refused)
	at java.net.PlainSocketImpl.socketConnect(Native Method)
	at java.net.AbstractPlainSocketImpl.doConnect(AbstractPlainSocketImpl.java:350)
	at java.net.AbstractPlainSocketImpl.connectToAddress(AbstractPlainSocketImpl.java:206)
	at java.net.AbstractPlainSocketImpl.connect(AbstractPlainSocketImpl.java:188)
	at java.net.SocksSocketImpl.connect(SocksSocketImpl.java:392)
	at java.net.Socket.connect(Socket.java:589)
	at org.apache.http.conn.scheme.PlainSocketFactory.connectSocket(PlainSocketFactory.java:121)
	at org.apache.http.impl.conn.DefaultClientConnectionOperator.openConnection(DefaultClientConnectionOperator.java:180)
	at org.apache.http.impl.conn.AbstractPoolEntry.open(AbstractPoolEntry.java:144)
	at org.apache.http.impl.conn.AbstractPooledConnAdapter.open(AbstractPooledConnAdapter.java:134)
	at org.apache.http.impl.client.DefaultRequestDirector.tryConnect(DefaultRequestDirector.java:605)
	at org.apache.http.impl.client.DefaultRequestDirector.execute(DefaultRequestDirector.java:440)
	at org.apache.http.impl.client.AbstractHttpClient.doExecute(AbstractHttpClient.java:835)
	at org.apache.http.impl.client.CloseableHttpClient.execute(CloseableHttpClient.java:118)
	at org.apache.http.impl.client.CloseableHttpClient.execute(CloseableHttpClient.java:56)
	at com.sun.jersey.client.apache4.ApacheHttpClient4Handler.handle(ApacheHttpClient4Handler.java:173)
	... 29 common frames omitted
2019-09-04T14:17:56.015+0800 [WARN] dataworks/dataworks-gateway-service c.n.d.s.t.d.RetryableEurekaHttpClient - - Request execution failed with message: java.net.ConnectException: Connection refused (Connection refused)
2019-09-04T14:17:56.017+0800 [ERROR] dataworks/dataworks-gateway-service c.n.d.s.t.d.RedirectingEurekaHttpClient - - Request execution error. endpoint=DefaultEndpoint{ serviceUrl='http://localhost:8700/eureka/}
com.sun.jersey.api.client.ClientHandlerException: java.net.ConnectException: Connection refused (Connection refused)
	at com.sun.jersey.client.apache4.ApacheHttpClient4Handler.handle(ApacheHttpClient4Handler.java:187)
	at com.sun.jersey.api.client.filter.GZIPContentEncodingFilter.handle(GZIPContentEncodingFilter.java:123)
	at com.netflix.discovery.EurekaIdentityHeaderFilter.handle(EurekaIdentityHeaderFilter.java:27)
	at com.sun.jersey.api.client.Client.handle(Client.java:652)
	at com.sun.jersey.api.client.WebResource.handle(WebResource.java:682)
	at com.sun.jersey.api.client.WebResource.access$200(WebResource.java:74)
	at com.sun.jersey.api.client.WebResource$Builder.post(WebResource.java:570)
	at com.netflix.discovery.shared.transport.jersey.AbstractJerseyEurekaHttpClient.register(AbstractJerseyEurekaHttpClient.java:56)
	at com.netflix.discovery.shared.transport.decorator.EurekaHttpClientDecorator$1.execute(EurekaHttpClientDecorator.java:59)
	at com.netflix.discovery.shared.transport.decorator.MetricsCollectingEurekaHttpClient.execute(MetricsCollectingEurekaHttpClient.java:73)
	at com.netflix.discovery.shared.transport.decorator.EurekaHttpClientDecorator.register(EurekaHttpClientDecorator.java:56)
	at com.netflix.discovery.shared.transport.decorator.EurekaHttpClientDecorator$1.execute(EurekaHttpClientDecorator.java:59)
	at com.netflix.discovery.shared.transport.decorator.RedirectingEurekaHttpClient.executeOnNewServer(RedirectingEurekaHttpClient.java:118)
	at com.netflix.discovery.shared.transport.decorator.RedirectingEurekaHttpClient.execute(RedirectingEurekaHttpClient.java:79)
	at com.netflix.discovery.shared.transport.decorator.EurekaHttpClientDecorator.register(EurekaHttpClientDecorator.java:56)
	at com.netflix.discovery.shared.transport.decorator.EurekaHttpClientDecorator$1.execute(EurekaHttpClientDecorator.java:59)
	at com.netflix.discovery.shared.transport.decorator.RetryableEurekaHttpClient.execute(RetryableEurekaHttpClient.java:120)
	at com.netflix.discovery.shared.transport.decorator.EurekaHttpClientDecorator.register(EurekaHttpClientDecorator.java:56)
	at com.netflix.discovery.shared.transport.decorator.EurekaHttpClientDecorator$1.execute(EurekaHttpClientDecorator.java:59)
	at com.netflix.discovery.shared.transport.decorator.SessionedEurekaHttpClient.execute(SessionedEurekaHttpClient.java:77)
	at com.netflix.discovery.shared.transport.decorator.EurekaHttpClientDecorator.register(EurekaHttpClientDecorator.java:56)
	at com.netflix.discovery.DiscoveryClient.register(DiscoveryClient.java:829)
	at com.netflix.discovery.InstanceInfoReplicator.run(InstanceInfoReplicator.java:121)
	at com.netflix.discovery.InstanceInfoReplicator$1.run(InstanceInfoReplicator.java:101)
	at java.util.concurrent.Executors$RunnableAdapter.call(Executors.java:511)
	at java.util.concurrent.FutureTask.run(FutureTask.java:266)
	at java.util.concurrent.ScheduledThreadPoolExecutor$ScheduledFutureTask.access$201(ScheduledThreadPoolExecutor.java:180)
	at java.util.concurrent.ScheduledThreadPoolExecutor$ScheduledFutureTask.run(ScheduledThreadPoolExecutor.java:293)
	at java.util.concurrent.ThreadPoolExecutor.runWorker(ThreadPoolExecutor.java:1149)
	at java.util.concurrent.ThreadPoolExecutor$Worker.run(ThreadPoolExecutor.java:624)
	at java.lang.Thread.run(Thread.java:748)
Caused by: java.net.ConnectException: Connection refused (Connection refused)
	at java.net.PlainSocketImpl.socketConnect(Native Method)
	at java.net.AbstractPlainSocketImpl.doConnect(AbstractPlainSocketImpl.java:350)
	at java.net.AbstractPlainSocketImpl.connectToAddress(AbstractPlainSocketImpl.java:206)
	at java.net.AbstractPlainSocketImpl.connect(AbstractPlainSocketImpl.java:188)
	at java.net.SocksSocketImpl.connect(SocksSocketImpl.java:392)
	at java.net.Socket.connect(Socket.java:589)
	at org.apache.http.conn.scheme.PlainSocketFactory.connectSocket(PlainSocketFactory.java:121)
	at org.apache.http.impl.conn.DefaultClientConnectionOperator.openConnection(DefaultClientConnectionOperator.java:180)
	at org.apache.http.impl.conn.AbstractPoolEntry.open(AbstractPoolEntry.java:144)
	at org.apache.http.impl.conn.AbstractPooledConnAdapter.open(AbstractPooledConnAdapter.java:134)
	at org.apache.http.impl.client.DefaultRequestDirector.tryConnect(DefaultRequestDirector.java:605)
	at org.apache.http.impl.client.DefaultRequestDirector.execute(DefaultRequestDirector.java:440)
	at org.apache.http.impl.client.AbstractHttpClient.doExecute(AbstractHttpClient.java:835)
	at org.apache.http.impl.client.CloseableHttpClient.execute(CloseableHttpClient.java:118)
	at org.apache.http.impl.client.CloseableHttpClient.execute(CloseableHttpClient.java:56)
	at com.sun.jersey.client.apache4.ApacheHttpClient4Handler.handle(ApacheHttpClient4Handler.java:173)
	... 30 common frames omitted
2019-09-04T14:17:56.019+0800 [WARN] dataworks/dataworks-gateway-service c.n.d.s.t.d.RetryableEurekaHttpClient - - Request execution failed with message: java.net.ConnectException: Connection refused (Connection refused)
2019-09-04T14:17:56.020+0800 [WARN] dataworks/dataworks-gateway-service c.netflix.discovery.DiscoveryClient - - DiscoveryClient_DATAWORKS-GATEWAY-SERVICE/10.45.53.191:dataworks-gateway-service:6300 - registration failed Cannot execute request on any known server
com.netflix.discovery.shared.transport.TransportException: Cannot execute request on any known server
	at com.netflix.discovery.shared.transport.decorator.RetryableEurekaHttpClient.execute(RetryableEurekaHttpClient.java:112)
	at com.netflix.discovery.shared.transport.decorator.EurekaHttpClientDecorator.register(EurekaHttpClientDecorator.java:56)
	at com.netflix.discovery.shared.transport.decorator.EurekaHttpClientDecorator$1.execute(EurekaHttpClientDecorator.java:59)
	at com.netflix.discovery.shared.transport.decorator.SessionedEurekaHttpClient.execute(SessionedEurekaHttpClient.java:77)
	at com.netflix.discovery.shared.transport.decorator.EurekaHttpClientDecorator.register(EurekaHttpClientDecorator.java:56)
	at com.netflix.discovery.DiscoveryClient.register(DiscoveryClient.java:829)
	at com.netflix.discovery.InstanceInfoReplicator.run(InstanceInfoReplicator.java:121)
	at com.netflix.discovery.InstanceInfoReplicator$1.run(InstanceInfoReplicator.java:101)
	at java.util.concurrent.Executors$RunnableAdapter.call(Executors.java:511)
	at java.util.concurrent.FutureTask.run(FutureTask.java:266)
	at java.util.concurrent.ScheduledThreadPoolExecutor$ScheduledFutureTask.access$201(ScheduledThreadPoolExecutor.java:180)
	at java.util.concurrent.ScheduledThreadPoolExecutor$ScheduledFutureTask.run(ScheduledThreadPoolExecutor.java:293)
	at java.util.concurrent.ThreadPoolExecutor.runWorker(ThreadPoolExecutor.java:1149)
	at java.util.concurrent.ThreadPoolExecutor$Worker.run(ThreadPoolExecutor.java:624)
	at java.lang.Thread.run(Thread.java:748)
2019-09-04T14:17:56.020+0800 [WARN] dataworks/dataworks-gateway-service c.n.discovery.InstanceInfoReplicator - - There was a problem with the instance info replicator
com.netflix.discovery.shared.transport.TransportException: Cannot execute request on any known server
	at com.netflix.discovery.shared.transport.decorator.RetryableEurekaHttpClient.execute(RetryableEurekaHttpClient.java:112)
	at com.netflix.discovery.shared.transport.decorator.EurekaHttpClientDecorator.register(EurekaHttpClientDecorator.java:56)
	at com.netflix.discovery.shared.transport.decorator.EurekaHttpClientDecorator$1.execute(EurekaHttpClientDecorator.java:59)
	at com.netflix.discovery.shared.transport.decorator.SessionedEurekaHttpClient.execute(SessionedEurekaHttpClient.java:77)
	at com.netflix.discovery.shared.transport.decorator.EurekaHttpClientDecorator.register(EurekaHttpClientDecorator.java:56)
	at com.netflix.discovery.DiscoveryClient.register(DiscoveryClient.java:829)
	at com.netflix.discovery.InstanceInfoReplicator.run(InstanceInfoReplicator.java:121)
	at com.netflix.discovery.InstanceInfoReplicator$1.run(InstanceInfoReplicator.java:101)
	at java.util.concurrent.Executors$RunnableAdapter.call(Executors.java:511)
	at java.util.concurrent.FutureTask.run(FutureTask.java:266)
	at java.util.concurrent.ScheduledThreadPoolExecutor$ScheduledFutureTask.access$201(ScheduledThreadPoolExecutor.java:180)
	at java.util.concurrent.ScheduledThreadPoolExecutor$ScheduledFutureTask.run(ScheduledThreadPoolExecutor.java:293)
	at java.util.concurrent.ThreadPoolExecutor.runWorker(ThreadPoolExecutor.java:1149)
	at java.util.concurrent.ThreadPoolExecutor$Worker.run(ThreadPoolExecutor.java:624)
	at java.lang.Thread.run(Thread.java:748)
2019-09-04T14:17:57.539+0800 [INFO] dataworks/dataworks-gateway-service c.netflix.discovery.DiscoveryClient - - Shutting down DiscoveryClient ...
